;  LST file generated by mikroListExporter - v.2.0 
; Date/Time: 5/26/2024 9:51:51 PM
;----------------------------------------------

;Address Opcode 	ASM
0x0000	0x2A6F      	GOTO       623
_RES032:
;__Lib_MathDouble.c,123 :: 		
;__Lib_MathDouble.c,128 :: 		
0x0003	0x01F2      	CLRF       R2
;__Lib_MathDouble.c,129 :: 		
0x0004	0x01F1      	CLRF       R1
;__Lib_MathDouble.c,130 :: 		
0x0005	0x01F0      	CLRF       R0
;__Lib_MathDouble.c,131 :: 		
0x0006	0x01F8      	CLRF       R8
;__Lib_MathDouble.c,132 :: 		
0x0007	0x01F3      	CLRF       R3
;__Lib_MathDouble.c,133 :: 		
0x0008	0x3000      	MOVLW      0
;__Lib_MathDouble.c,135 :: 		
L_end_RES032:
0x0009	0x0008      	RETURN
; end of _RES032
_SETFUN32:
;__Lib_MathDouble.c,138 :: 		
;__Lib_MathDouble.c,145 :: 		
0x000A	0x157B      	BSF        R11, 2
;__Lib_MathDouble.c,146 :: 		
0x000B	0x1FFB      	BTFSS      R11, 7
;__Lib_MathDouble.c,147 :: 		
0x000C	0x2814      	GOTO       SETFUN32EEE
;__Lib_MathDouble.c,148 :: 		
0x000D	0x3001      	MOVLW      1
;__Lib_MathDouble.c,149 :: 		
0x000E	0x00F3      	MOVWF      R3
;__Lib_MathDouble.c,150 :: 		
0x000F	0x01F2      	CLRF       R2
;__Lib_MathDouble.c,151 :: 		
0x0010	0x01F1      	CLRF       R1
;__Lib_MathDouble.c,152 :: 		
0x0011	0x01F0      	CLRF       R0
;__Lib_MathDouble.c,153 :: 		
0x0012	0x0DFA      	RLF        R10, 1
;__Lib_MathDouble.c,154 :: 		
0x0013	0x0CF2      	RRF        R2, 1
;__Lib_MathDouble.c,155 :: 		
SETFUN32EEE:
;__Lib_MathDouble.c,156 :: 		
0x0014	0x30FF      	MOVLW      255
;__Lib_MathDouble.c,158 :: 		
L_end_SETFUN32:
0x0015	0x0008      	RETURN
; end of _SETFUN32
_FIXSIGN32:
;__Lib_MathDouble.c,112 :: 		
;__Lib_MathDouble.c,116 :: 		
0x0016	0x1FFA      	BTFSS      R10, 7
;__Lib_MathDouble.c,117 :: 		
0x0017	0x13F2      	BCF        R2, 7
;__Lib_MathDouble.c,118 :: 		
0x0018	0x3000      	MOVLW      0
;__Lib_MathDouble.c,120 :: 		
L_end_FIXSIGN32:
0x0019	0x0008      	RETURN
; end of _FIXSIGN32
_SETIOV3224:
;__Lib_MathDouble.c,1000 :: 		
;__Lib_MathDouble.c,1006 :: 		
0x001A	0x147B      	BSF        R11, 0
;__Lib_MathDouble.c,1007 :: 		
0x001B	0x1FFB      	BTFSS      R11, 7
;__Lib_MathDouble.c,1008 :: 		
0x001C	0x2825      	GOTO       SETIOV3224EEE
;__Lib_MathDouble.c,1010 :: 		
0x001D	0x01F2      	CLRF       R2
;__Lib_MathDouble.c,1011 :: 		
0x001E	0x1FFA      	BTFSS      R10, 7
;__Lib_MathDouble.c,1012 :: 		
0x001F	0x30FF      	MOVLW      255
;__Lib_MathDouble.c,1013 :: 		
0x0020	0x00F2      	MOVWF      R2
;__Lib_MathDouble.c,1014 :: 		
0x0021	0x00F1      	MOVWF      R1
;__Lib_MathDouble.c,1015 :: 		
0x0022	0x00F0      	MOVWF      R0
;__Lib_MathDouble.c,1016 :: 		
0x0023	0x0DFA      	RLF        R10, 1
;__Lib_MathDouble.c,1017 :: 		
0x0024	0x0CF2      	RRF        R2, 1
;__Lib_MathDouble.c,1018 :: 		
SETIOV3224EEE:
;__Lib_MathDouble.c,1019 :: 		
0x0025	0x30FF      	MOVLW      255
;__Lib_MathDouble.c,1021 :: 		
L_end_SETIOV3224:
0x0026	0x0008      	RETURN
; end of _SETIOV3224
_SETFOV32:
;__Lib_MathDouble.c,79 :: 		
;__Lib_MathDouble.c,86 :: 		
0x0027	0x14FB      	BSF        R11, 1
;__Lib_MathDouble.c,87 :: 		
0x0028	0x1FFB      	BTFSS      R11, 7
;__Lib_MathDouble.c,88 :: 		
0x0029	0x2831      	GOTO       SETFOV32EEE
;__Lib_MathDouble.c,89 :: 		
0x002A	0x30FF      	MOVLW      255
;__Lib_MathDouble.c,90 :: 		
0x002B	0x00F3      	MOVWF      R3
;__Lib_MathDouble.c,91 :: 		
0x002C	0x00F2      	MOVWF      R2
;__Lib_MathDouble.c,92 :: 		
0x002D	0x00F1      	MOVWF      R1
;__Lib_MathDouble.c,93 :: 		
0x002E	0x00F0      	MOVWF      R0
;__Lib_MathDouble.c,94 :: 		
0x002F	0x0DFA      	RLF        R10, 1
;__Lib_MathDouble.c,95 :: 		
0x0030	0x0CF2      	RRF        R2, 1
;__Lib_MathDouble.c,96 :: 		
SETFOV32EEE:
;__Lib_MathDouble.c,97 :: 		
0x0031	0x30FF      	MOVLW      255
;__Lib_MathDouble.c,99 :: 		
L_end_SETFOV32:
0x0032	0x0008      	RETURN
; end of _SETFOV32
_NRM3232:
;__Lib_MathDouble.c,167 :: 		
;__Lib_MathDouble.c,173 :: 		
;__Lib_MathDouble.c,175 :: 		
0x0033	0x01A0      	CLRF       __math_tempbD
;__Lib_MathDouble.c,176 :: 		
0x0034	0x0872      	MOVF       R2, 0
;__Lib_MathDouble.c,177 :: 		
0x0035	0x1D03      	BTFSS      STATUS, 2
;__Lib_MathDouble.c,178 :: 		
0x0036	0x2848      	GOTO       NORM3232
;__Lib_MathDouble.c,179 :: 		
0x0037	0x0871      	MOVF       R1, 0
;__Lib_MathDouble.c,180 :: 		
0x0038	0x00F2      	MOVWF      R2
;__Lib_MathDouble.c,181 :: 		
0x0039	0x0870      	MOVF       R0, 0
;__Lib_MathDouble.c,182 :: 		
0x003A	0x00F1      	MOVWF      R1
;__Lib_MathDouble.c,183 :: 		
0x003B	0x01F0      	CLRF       R0
;__Lib_MathDouble.c,184 :: 		
0x003C	0x15A0      	BSF        __math_tempbD, 3
;__Lib_MathDouble.c,186 :: 		
0x003D	0x0872      	MOVF       R2, 0
;__Lib_MathDouble.c,187 :: 		
0x003E	0x1D03      	BTFSS      STATUS, 2
;__Lib_MathDouble.c,188 :: 		
0x003F	0x2848      	GOTO       NORM3232
;__Lib_MathDouble.c,189 :: 		
0x0040	0x0871      	MOVF       R1, 0
;__Lib_MathDouble.c,190 :: 		
0x0041	0x00F2      	MOVWF      R2
;__Lib_MathDouble.c,191 :: 		
0x0042	0x01F1      	CLRF       R1
;__Lib_MathDouble.c,192 :: 		
0x0043	0x11A0      	BCF        __math_tempbD, 3
;__Lib_MathDouble.c,193 :: 		
0x0044	0x1620      	BSF        __math_tempbD, 4
;__Lib_MathDouble.c,195 :: 		
0x0045	0x0872      	MOVF       R2, 0
;__Lib_MathDouble.c,196 :: 		
0x0046	0x1903      	BTFSC      STATUS, 2
;__Lib_MathDouble.c,197 :: 		
0x0047	0x2856      	GOTO       JPNRES032
;__Lib_MathDouble.c,198 :: 		
NORM3232:
;__Lib_MathDouble.c,199 :: 		
0x0048	0x0820      	MOVF       __math_tempbD, 0
;__Lib_MathDouble.c,200 :: 		
0x0049	0x02F3      	SUBWF      R3, 1
;__Lib_MathDouble.c,201 :: 		
0x004A	0x1D03      	BTFSS      STATUS, 2
;__Lib_MathDouble.c,202 :: 		
0x004B	0x1C03      	BTFSS      STATUS, 0
;__Lib_MathDouble.c,203 :: 		
0x004C	0x285A      	GOTO       JPNSETFUN32
;__Lib_MathDouble.c,204 :: 		
0x004D	0x1003      	BCF        STATUS, 0
;__Lib_MathDouble.c,205 :: 		
NORM3232A:
;__Lib_MathDouble.c,206 :: 		
0x004E	0x1BF2      	BTFSC      R2, 7
;__Lib_MathDouble.c,207 :: 		
0x004F	0x285E      	GOTO       JMPNFIXSIGN32
;__Lib_MathDouble.c,208 :: 		
0x0050	0x0DF0      	RLF        R0, 1
;__Lib_MathDouble.c,209 :: 		
0x0051	0x0DF1      	RLF        R1, 1
;__Lib_MathDouble.c,210 :: 		
0x0052	0x0DF2      	RLF        R2, 1
;__Lib_MathDouble.c,211 :: 		
0x0053	0x0BF3      	DECFSZ     R3, 1
;__Lib_MathDouble.c,212 :: 		
0x0054	0x284E      	GOTO       NORM3232A
;__Lib_MathDouble.c,213 :: 		
0x0055	0x285A      	GOTO       JPNSETFUN32
;__Lib_MathDouble.c,214 :: 		
JPNRES032:
;__Lib_MathDouble.c,215 :: 		
0x0056	0x3001      	MOVLW      1
;__Lib_MathDouble.c,216 :: 		
0x0057	0x00FC      	MOVWF      R12
;__Lib_MathDouble.c,218 :: 		
0x0058	0x2003      	CALL       _RES032
;__Lib_MathDouble.c,220 :: 		
0x0059	0x2861      	GOTO       NORM32EEE
;__Lib_MathDouble.c,221 :: 		
JPNSETFUN32:
;__Lib_MathDouble.c,222 :: 		
0x005A	0x3002      	MOVLW      2
;__Lib_MathDouble.c,223 :: 		
0x005B	0x00FC      	MOVWF      R12
;__Lib_MathDouble.c,225 :: 		
0x005C	0x200A      	CALL       _SETFUN32
;__Lib_MathDouble.c,227 :: 		
0x005D	0x2861      	GOTO       NORM32EEE
;__Lib_MathDouble.c,228 :: 		
JMPNFIXSIGN32:
;__Lib_MathDouble.c,229 :: 		
0x005E	0x3004      	MOVLW      4
;__Lib_MathDouble.c,230 :: 		
0x005F	0x00FC      	MOVWF      R12
;__Lib_MathDouble.c,232 :: 		
0x0060	0x2016      	CALL       _FIXSIGN32
;__Lib_MathDouble.c,234 :: 		
NORM32EEE:
;__Lib_MathDouble.c,236 :: 		
L_end_NRM3232:
0x0061	0x0008      	RETURN
; end of _NRM3232
_SETFDZ32:
;__Lib_MathDouble.c,102 :: 		
;__Lib_MathDouble.c,105 :: 		
0x0062	0x15FB      	BSF        R11, 3
;__Lib_MathDouble.c,106 :: 		
0x0063	0x30FF      	MOVLW      255
;__Lib_MathDouble.c,108 :: 		
L_end_SETFDZ32:
0x0064	0x0008      	RETURN
; end of _SETFDZ32
_double2int:
;__Lib_MathDouble.c,1391 :: 		
;__Lib_MathDouble.c,1399 :: 		
0x0065	0x1283      	BCF        STATUS, 5
;__Lib_MathDouble.c,1400 :: 		
0x0066	0x1303      	BCF        STATUS, 6
;__Lib_MathDouble.c,1402 :: 		
0x0067	0x01FB      	CLRF       R11
;__Lib_MathDouble.c,1403 :: 		
0x0068	0x0873      	MOVF       R3, 0
;__Lib_MathDouble.c,1404 :: 		
0x0069	0x1903      	BTFSC      STATUS, 2
;__Lib_MathDouble.c,1405 :: 		
0x006A	0x28A2      	GOTO       IRES016
;__Lib_MathDouble.c,1407 :: 		
0x006B	0x0872      	MOVF       R2, 0
;__Lib_MathDouble.c,1408 :: 		
0x006C	0x00FA      	MOVWF      R10
;__Lib_MathDouble.c,1409 :: 		
0x006D	0x17F2      	BSF        R2, 7
;__Lib_MathDouble.c,1411 :: 		
0x006E	0x308E      	MOVLW      142
;__Lib_MathDouble.c,1412 :: 		
0x006F	0x02F3      	SUBWF      R3, 1
;__Lib_MathDouble.c,1413 :: 		
0x0070	0x1FF3      	BTFSS      R3, 7
;__Lib_MathDouble.c,1414 :: 		
0x0071	0x28A5      	GOTO       SETIOV16
;__Lib_MathDouble.c,1415 :: 		
0x0072	0x09F3      	COMF       R3, 1
;__Lib_MathDouble.c,1416 :: 		
0x0073	0x0AF3      	INCF       R3, 1
;__Lib_MathDouble.c,1418 :: 		
0x0074	0x3008      	MOVLW      8
;__Lib_MathDouble.c,1419 :: 		
0x0075	0x0273      	SUBWF      R3, 0
;__Lib_MathDouble.c,1420 :: 		
0x0076	0x1C03      	BTFSS      STATUS, 0
;__Lib_MathDouble.c,1421 :: 		
0x0077	0x2888      	GOTO       TSHIFT3216
;__Lib_MathDouble.c,1422 :: 		
0x0078	0x00F3      	MOVWF      R3
;__Lib_MathDouble.c,1423 :: 		
0x0079	0x0DF1      	RLF        R1, 1
;__Lib_MathDouble.c,1424 :: 		
0x007A	0x0872      	MOVF       R2, 0
;__Lib_MathDouble.c,1425 :: 		
0x007B	0x00F1      	MOVWF      R1
;__Lib_MathDouble.c,1426 :: 		
0x007C	0x01F2      	CLRF       R2
;__Lib_MathDouble.c,1428 :: 		
0x007D	0x3008      	MOVLW      8
;__Lib_MathDouble.c,1429 :: 		
0x007E	0x0273      	SUBWF      R3, 0
;__Lib_MathDouble.c,1430 :: 		
0x007F	0x1C03      	BTFSS      STATUS, 0
;__Lib_MathDouble.c,1431 :: 		
0x0080	0x2888      	GOTO       TSHIFT3216
;__Lib_MathDouble.c,1432 :: 		
0x0081	0x00F3      	MOVWF      R3
;__Lib_MathDouble.c,1433 :: 		
0x0082	0x0DF1      	RLF        R1, 1
;__Lib_MathDouble.c,1434 :: 		
0x0083	0x01F1      	CLRF       R1
;__Lib_MathDouble.c,1436 :: 		
0x0084	0x0873      	MOVF       R3, 0
;__Lib_MathDouble.c,1437 :: 		
0x0085	0x1D03      	BTFSS      STATUS, 2
;__Lib_MathDouble.c,1438 :: 		
0x0086	0x1003      	BCF        STATUS, 0
;__Lib_MathDouble.c,1439 :: 		
0x0087	0x2890      	GOTO       SHIFT3216OK
;__Lib_MathDouble.c,1440 :: 		
TSHIFT3216:
;__Lib_MathDouble.c,1441 :: 		
0x0088	0x0873      	MOVF       R3, 0
;__Lib_MathDouble.c,1442 :: 		
0x0089	0x1903      	BTFSC      STATUS, 2
;__Lib_MathDouble.c,1443 :: 		
0x008A	0x2890      	GOTO       SHIFT3216OK
;__Lib_MathDouble.c,1444 :: 		
SHIFT3216:
;__Lib_MathDouble.c,1445 :: 		
0x008B	0x1003      	BCF        STATUS, 0
;__Lib_MathDouble.c,1446 :: 		
0x008C	0x0CF2      	RRF        R2, 1
;__Lib_MathDouble.c,1447 :: 		
0x008D	0x0CF1      	RRF        R1, 1
;__Lib_MathDouble.c,1448 :: 		
0x008E	0x0BF3      	DECFSZ     R3, 1
;__Lib_MathDouble.c,1449 :: 		
0x008F	0x288B      	GOTO       SHIFT3216
;__Lib_MathDouble.c,1450 :: 		
SHIFT3216OK:
;__Lib_MathDouble.c,1451 :: 		
0x0090	0x1B7B      	BTFSC      R11, 6
;__Lib_MathDouble.c,1452 :: 		
0x0091	0x1C71      	BTFSS      R1, 0
;__Lib_MathDouble.c,1453 :: 		
0x0092	0x289A      	GOTO       INT3216OK
;__Lib_MathDouble.c,1454 :: 		
0x0093	0x1C03      	BTFSS      STATUS, 0
;__Lib_MathDouble.c,1455 :: 		
0x0094	0x289A      	GOTO       INT3216OK
;__Lib_MathDouble.c,1456 :: 		
0x0095	0x0AF1      	INCF       R1, 1
;__Lib_MathDouble.c,1457 :: 		
0x0096	0x1903      	BTFSC      STATUS, 2
;__Lib_MathDouble.c,1458 :: 		
0x0097	0x0AF2      	INCF       R2, 1
;__Lib_MathDouble.c,1459 :: 		
0x0098	0x1BF2      	BTFSC      R2, 7
;__Lib_MathDouble.c,1460 :: 		
0x0099	0x28B1      	GOTO       JPJSETIOV3224
;__Lib_MathDouble.c,1461 :: 		
INT3216OK:
;__Lib_MathDouble.c,1462 :: 		
0x009A	0x1FFA      	BTFSS      R10, 7
;__Lib_MathDouble.c,1463 :: 		
0x009B	0x28B4      	GOTO       INT3216EOK
;__Lib_MathDouble.c,1465 :: 		
0x009C	0x09F2      	COMF       R2, 1
;__Lib_MathDouble.c,1466 :: 		
0x009D	0x09F1      	COMF       R1, 1
;__Lib_MathDouble.c,1467 :: 		
0x009E	0x0AF1      	INCF       R1, 1
;__Lib_MathDouble.c,1468 :: 		
0x009F	0x1903      	BTFSC      STATUS, 2
;__Lib_MathDouble.c,1469 :: 		
0x00A0	0x0AF2      	INCF       R2, 1
;__Lib_MathDouble.c,1470 :: 		
0x00A1	0x28B4      	GOTO       INT3216EOK
;__Lib_MathDouble.c,1472 :: 		
IRES016:
;__Lib_MathDouble.c,1473 :: 		
0x00A2	0x01F2      	CLRF       R2
;__Lib_MathDouble.c,1474 :: 		
0x00A3	0x01F1      	CLRF       R1
;__Lib_MathDouble.c,1475 :: 		
0x00A4	0x28B4      	GOTO       INT3216EOK
;__Lib_MathDouble.c,1476 :: 		
SETIOV16:
;__Lib_MathDouble.c,1477 :: 		
0x00A5	0x147B      	BSF        R11, 0
;__Lib_MathDouble.c,1478 :: 		
0x00A6	0x1FFB      	BTFSS      R11, 7
;__Lib_MathDouble.c,1479 :: 		
0x00A7	0x28B7      	GOTO       INT3216EER
;__Lib_MathDouble.c,1481 :: 		
0x00A8	0x01F2      	CLRF       R2
;__Lib_MathDouble.c,1482 :: 		
0x00A9	0x1FFA      	BTFSS      R10, 7
;__Lib_MathDouble.c,1483 :: 		
0x00AA	0x28B7      	GOTO       INT3216EER
;__Lib_MathDouble.c,1484 :: 		
0x00AB	0x30FF      	MOVLW      255
;__Lib_MathDouble.c,1485 :: 		
0x00AC	0x00F2      	MOVWF      R2
;__Lib_MathDouble.c,1486 :: 		
0x00AD	0x00F1      	MOVWF      R1
;__Lib_MathDouble.c,1487 :: 		
0x00AE	0x0DFA      	RLF        R10, 1
;__Lib_MathDouble.c,1488 :: 		
0x00AF	0x0CF2      	RRF        R2, 1
;__Lib_MathDouble.c,1489 :: 		
0x00B0	0x28B7      	GOTO       INT3216EER
;__Lib_MathDouble.c,1491 :: 		
JPJSETIOV3224:
;__Lib_MathDouble.c,1492 :: 		
0x00B1	0x3001      	MOVLW      1
;__Lib_MathDouble.c,1493 :: 		
0x00B2	0x00FC      	MOVWF      R12
;__Lib_MathDouble.c,1494 :: 		
0x00B3	0x28B9      	GOTO       INT3216EEE
;__Lib_MathDouble.c,1495 :: 		
INT3216EOK:
;__Lib_MathDouble.c,1496 :: 		
0x00B4	0x3000      	MOVLW      0
;__Lib_MathDouble.c,1497 :: 		
0x00B5	0x00FC      	MOVWF      R12
;__Lib_MathDouble.c,1498 :: 		
0x00B6	0x28B9      	GOTO       INT3216EEE
;__Lib_MathDouble.c,1499 :: 		
INT3216EER:
;__Lib_MathDouble.c,1500 :: 		
0x00B7	0x30FF      	MOVLW      255
;__Lib_MathDouble.c,1501 :: 		
0x00B8	0x00FC      	MOVWF      R12
;__Lib_MathDouble.c,1502 :: 		
INT3216EEE:
;__Lib_MathDouble.c,1505 :: 		
0x00B9	0x08FC      	MOVF       R12, 1
;__Lib_MathDouble.c,1507 :: 		
0x00BA	0x1903      	BTFSC      STATUS, 2
;__Lib_MathDouble.c,1508 :: 		
0x00BB	0x28BD      	GOTO       L_Double2Int_0
;__Lib_MathDouble.c,1510 :: 		
0x00BC	0x201A      	CALL       _SETIOV3224
;__Lib_MathDouble.c,1512 :: 		
L_Double2Int_0:
;__Lib_MathDouble.c,1513 :: 		
0x00BD	0x0871      	MOVF       R1, 0
;__Lib_MathDouble.c,1514 :: 		
0x00BE	0x00F0      	MOVWF      R0
;__Lib_MathDouble.c,1515 :: 		
0x00BF	0x0872      	MOVF       R2, 0
;__Lib_MathDouble.c,1516 :: 		
0x00C0	0x00F1      	MOVWF      R1
;__Lib_MathDouble.c,1520 :: 		
L_end_double2int:
0x00C1	0x0008      	RETURN
; end of _double2int
_int2double:
;__Lib_MathDouble.c,1812 :: 		
;__Lib_MathDouble.c,1818 :: 		
0x00C2	0x1283      	BCF        STATUS, 5
;__Lib_MathDouble.c,1819 :: 		
0x00C3	0x1303      	BCF        STATUS, 6
;__Lib_MathDouble.c,1820 :: 		
0x00C4	0x0870      	MOVF       R0, 0
;__Lib_MathDouble.c,1821 :: 		
0x00C5	0x00F8      	MOVWF      R8
;__Lib_MathDouble.c,1822 :: 		
0x00C6	0x0871      	MOVF       R1, 0
;__Lib_MathDouble.c,1823 :: 		
0x00C7	0x00F0      	MOVWF      R0
;__Lib_MathDouble.c,1824 :: 		
0x00C8	0x01F1      	CLRF       R1
;__Lib_MathDouble.c,1825 :: 		
0x00C9	0x01F2      	CLRF       R2
;__Lib_MathDouble.c,1826 :: 		
0x00CA	0x01F3      	CLRF       R3
;__Lib_MathDouble.c,1829 :: 		
0x00CB	0x01FB      	CLRF       R11
;__Lib_MathDouble.c,1830 :: 		
0x00CC	0x01FC      	CLRF       R12
;__Lib_MathDouble.c,1832 :: 		
0x00CD	0x3096      	MOVLW      150
;__Lib_MathDouble.c,1833 :: 		
0x00CE	0x00F3      	MOVWF      R3
;__Lib_MathDouble.c,1834 :: 		
0x00CF	0x01FA      	CLRF       R10
;__Lib_MathDouble.c,1835 :: 		
0x00D0	0x1FF0      	BTFSS      R0, 7
;__Lib_MathDouble.c,1836 :: 		
0x00D1	0x28D8      	GOTO       FLO1632EEE
;__Lib_MathDouble.c,1838 :: 		
0x00D2	0x09F8      	COMF       R8, 1
;__Lib_MathDouble.c,1839 :: 		
0x00D3	0x09F0      	COMF       R0, 1
;__Lib_MathDouble.c,1841 :: 		
0x00D4	0x0AF8      	INCF       R8, 1
;__Lib_MathDouble.c,1842 :: 		
0x00D5	0x1903      	BTFSC      STATUS, 2
;__Lib_MathDouble.c,1843 :: 		
0x00D6	0x0AF0      	INCF       R0, 1
;__Lib_MathDouble.c,1845 :: 		
0x00D7	0x17FA      	BSF        R10, 7
;__Lib_MathDouble.c,1846 :: 		
FLO1632EEE:
;__Lib_MathDouble.c,1847 :: 		
0x00D8	0x0870      	MOVF       R0, 0
;__Lib_MathDouble.c,1848 :: 		
0x00D9	0x00F1      	MOVWF      R1
;__Lib_MathDouble.c,1849 :: 		
0x00DA	0x0878      	MOVF       R8, 0
;__Lib_MathDouble.c,1850 :: 		
0x00DB	0x00F0      	MOVWF      R0
;__Lib_MathDouble.c,1851 :: 		
0x00DC	0x01F8      	CLRF       R8
;__Lib_MathDouble.c,1852 :: 		
0x00DD	0x01F2      	CLRF       R2
;__Lib_MathDouble.c,1854 :: 		
0x00DE	0x2033      	CALL       _NRM3232
;__Lib_MathDouble.c,1855 :: 		
L_end_int2double:
0x00DF	0x0008      	RETURN
; end of _int2double
_usDelay:
;VacuumCleaner.c,32 :: 		void usDelay(unsigned int usCnt)
;VacuumCleaner.c,34 :: 		unsigned int us=0;
0x00E0	0x1283      	BCF        STATUS, 5
0x00E1	0x1303      	BCF        STATUS, 6
0x00E2	0x01B1      	CLRF       usDelay_us_L0
0x00E3	0x01B2      	CLRF       usDelay_us_L0+1
;VacuumCleaner.c,36 :: 		for(us=0;us<usCnt;us++)
0x00E4	0x01B1      	CLRF       usDelay_us_L0
0x00E5	0x01B2      	CLRF       usDelay_us_L0+1
L_usDelay6:
0x00E6	0x0830      	MOVF       FARG_usDelay_usCnt+1, 0
0x00E7	0x0232      	SUBWF      usDelay_us_L0+1, 0
0x00E8	0x1D03      	BTFSS      STATUS, 2
0x00E9	0x28EC      	GOTO       L__usDelay40
0x00EA	0x082F      	MOVF       FARG_usDelay_usCnt, 0
0x00EB	0x0231      	SUBWF      usDelay_us_L0, 0
L__usDelay40:
0x00EC	0x1803      	BTFSC      STATUS, 0
0x00ED	0x28F4      	GOTO       L_usDelay7
;VacuumCleaner.c,38 :: 		asm NOP;//0.5 uS
0x00EE	0x0000      	NOP
;VacuumCleaner.c,39 :: 		asm NOP;//0.5uS
0x00EF	0x0000      	NOP
;VacuumCleaner.c,36 :: 		for(us=0;us<usCnt;us++)
0x00F0	0x0AB1      	INCF       usDelay_us_L0, 1
0x00F1	0x1903      	BTFSC      STATUS, 2
0x00F2	0x0AB2      	INCF       usDelay_us_L0+1, 1
;VacuumCleaner.c,40 :: 		}
0x00F3	0x28E6      	GOTO       L_usDelay6
L_usDelay7:
;VacuumCleaner.c,41 :: 		}
L_end_usDelay:
0x00F4	0x0008      	RETURN
; end of _usDelay
_Div_32x32_FP:
;__Lib_MathDouble.c,761 :: 		
;__Lib_MathDouble.c,773 :: 		
;__Lib_MathDouble.c,776 :: 		
0x00F5	0x1283      	BCF        STATUS, 5
0x00F6	0x1303      	BCF        STATUS, 6
0x00F7	0x0874      	MOVF       R4, 0
0x00F8	0x3A00      	XORLW      0
0x00F9	0x1D03      	BTFSS      STATUS, 2
0x00FA	0x2910      	GOTO       L_Div_32x32_FP7
;__Lib_MathDouble.c,777 :: 		
0x00FB	0x0875      	MOVF       R5, 0
0x00FC	0x3A00      	XORLW      0
0x00FD	0x1D03      	BTFSS      STATUS, 2
0x00FE	0x2910      	GOTO       L_Div_32x32_FP8
;__Lib_MathDouble.c,778 :: 		
0x00FF	0x0876      	MOVF       R6, 0
0x0100	0x3A00      	XORLW      0
0x0101	0x1D03      	BTFSS      STATUS, 2
0x0102	0x2910      	GOTO       L_Div_32x32_FP9
;__Lib_MathDouble.c,779 :: 		
0x0103	0x0877      	MOVF       R7, 0
0x0104	0x3A00      	XORLW      0
0x0105	0x1D03      	BTFSS      STATUS, 2
0x0106	0x2910      	GOTO       L_Div_32x32_FP10
;__Lib_MathDouble.c,780 :: 		
0x0107	0x30FF      	MOVLW      255
0x0108	0x00F0      	MOVWF      R0
;__Lib_MathDouble.c,781 :: 		
0x0109	0x30FF      	MOVLW      255
0x010A	0x00F1      	MOVWF      R1
;__Lib_MathDouble.c,782 :: 		
0x010B	0x307F      	MOVLW      127
0x010C	0x00F2      	MOVWF      R2
;__Lib_MathDouble.c,783 :: 		
0x010D	0x30FF      	MOVLW      255
0x010E	0x00F3      	MOVWF      R3
;__Lib_MathDouble.c,784 :: 		
0x010F	0x29AB      	GOTO       L_end_Div_32x32_FP
;__Lib_MathDouble.c,785 :: 		
L_Div_32x32_FP10:
L_Div_32x32_FP9:
L_Div_32x32_FP8:
L_Div_32x32_FP7:
;__Lib_MathDouble.c,788 :: 		
0x0110	0x1283      	BCF        STATUS, 5
;__Lib_MathDouble.c,789 :: 		
0x0111	0x1303      	BCF        STATUS, 6
;__Lib_MathDouble.c,791 :: 		
0x0112	0x0877      	MOVF       R7, 0
;__Lib_MathDouble.c,792 :: 		
0x0113	0x1903      	BTFSC      STATUS, 2
;__Lib_MathDouble.c,793 :: 		
0x0114	0x299F      	GOTO       JPDSETFDZ32
;__Lib_MathDouble.c,795 :: 		
0x0115	0x0873      	MOVF       R3, 0
;__Lib_MathDouble.c,796 :: 		
0x0116	0x1903      	BTFSC      STATUS, 2
;__Lib_MathDouble.c,797 :: 		
0x0117	0x29A2      	GOTO       JPDRES032
;__Lib_MathDouble.c,799 :: 		
0x0118	0x0872      	MOVF       R2, 0
;__Lib_MathDouble.c,800 :: 		
0x0119	0x0676      	XORWF      R6, 0
;__Lib_MathDouble.c,801 :: 		
0x011A	0x3980      	ANDLW      128
;__Lib_MathDouble.c,802 :: 		
0x011B	0x00FA      	MOVWF      R10
;__Lib_MathDouble.c,803 :: 		
0x011C	0x17F2      	BSF        R2, 7
;__Lib_MathDouble.c,804 :: 		
0x011D	0x17F6      	BSF        R6, 7
;__Lib_MathDouble.c,806 :: 		
0x011E	0x01A0      	CLRF       __math_tempbD
;__Lib_MathDouble.c,807 :: 		
0x011F	0x0872      	MOVF       R2, 0
;__Lib_MathDouble.c,808 :: 		
0x0120	0x00F8      	MOVWF      R8
;__Lib_MathDouble.c,809 :: 		
0x0121	0x0871      	MOVF       R1, 0
;__Lib_MathDouble.c,810 :: 		
0x0122	0x00FC      	MOVWF      R12
;__Lib_MathDouble.c,811 :: 		
0x0123	0x0870      	MOVF       R0, 0
;__Lib_MathDouble.c,812 :: 		
0x0124	0x00FD      	MOVWF      R13
;__Lib_MathDouble.c,814 :: 		
0x0125	0x0874      	MOVF       R4, 0
;__Lib_MathDouble.c,815 :: 		
0x0126	0x02FD      	SUBWF      R13, 1
;__Lib_MathDouble.c,816 :: 		
0x0127	0x0875      	MOVF       R5, 0
;__Lib_MathDouble.c,817 :: 		
0x0128	0x1C03      	BTFSS      STATUS, 0
;__Lib_MathDouble.c,818 :: 		
0x0129	0x0F75      	INCFSZ     R5, 0
;__Lib_MathDouble.c,820 :: 		
0x012A	0x02FC      	SUBWF      R12, 1
;__Lib_MathDouble.c,821 :: 		
0x012B	0x0876      	MOVF       R6, 0
;__Lib_MathDouble.c,822 :: 		
0x012C	0x1C03      	BTFSS      STATUS, 0
;__Lib_MathDouble.c,823 :: 		
0x012D	0x0F76      	INCFSZ     R6, 0
;__Lib_MathDouble.c,825 :: 		
0x012E	0x02F8      	SUBWF      R8, 1
;__Lib_MathDouble.c,826 :: 		
0x012F	0x01F8      	CLRF       R8
;__Lib_MathDouble.c,827 :: 		
0x0130	0x01FC      	CLRF       R12
;__Lib_MathDouble.c,828 :: 		
0x0131	0x01FD      	CLRF       R13
;__Lib_MathDouble.c,829 :: 		
0x0132	0x1C03      	BTFSS      STATUS, 0
;__Lib_MathDouble.c,830 :: 		
0x0133	0x293B      	GOTO       DALIGN32OK
;__Lib_MathDouble.c,832 :: 		
0x0134	0x1003      	BCF        STATUS, 0
;__Lib_MathDouble.c,833 :: 		
0x0135	0x0CF2      	RRF        R2, 1
;__Lib_MathDouble.c,834 :: 		
0x0136	0x0CF1      	RRF        R1, 1
;__Lib_MathDouble.c,835 :: 		
0x0137	0x0CF0      	RRF        R0, 1
;__Lib_MathDouble.c,836 :: 		
0x0138	0x0CF8      	RRF        R8, 1
;__Lib_MathDouble.c,837 :: 		
0x0139	0x3001      	MOVLW      1
;__Lib_MathDouble.c,838 :: 		
0x013A	0x00A0      	MOVWF      __math_tempbD
;__Lib_MathDouble.c,839 :: 		
DALIGN32OK:
;__Lib_MathDouble.c,840 :: 		
0x013B	0x0877      	MOVF       R7, 0
;__Lib_MathDouble.c,841 :: 		
0x013C	0x02F3      	SUBWF      R3, 1
;__Lib_MathDouble.c,842 :: 		
0x013D	0x1C03      	BTFSS      STATUS, 0
;__Lib_MathDouble.c,843 :: 		
0x013E	0x2945      	GOTO       ALTB32
;__Lib_MathDouble.c,845 :: 		
0x013F	0x307E      	MOVLW      126
;__Lib_MathDouble.c,846 :: 		
0x0140	0x0720      	ADDWF      __math_tempbD, 0
;__Lib_MathDouble.c,847 :: 		
0x0141	0x07F3      	ADDWF      R3, 1
;__Lib_MathDouble.c,848 :: 		
0x0142	0x1803      	BTFSC      STATUS, 0
;__Lib_MathDouble.c,849 :: 		
0x0143	0x29A5      	GOTO       JPDSETFOV32
;__Lib_MathDouble.c,850 :: 		
0x0144	0x294A      	GOTO       DARGOK32
;__Lib_MathDouble.c,851 :: 		
ALTB32:
;__Lib_MathDouble.c,852 :: 		
0x0145	0x307E      	MOVLW      126
;__Lib_MathDouble.c,853 :: 		
0x0146	0x0720      	ADDWF      __math_tempbD, 0
;__Lib_MathDouble.c,854 :: 		
0x0147	0x07F3      	ADDWF      R3, 1
;__Lib_MathDouble.c,855 :: 		
0x0148	0x1C03      	BTFSS      STATUS, 0
;__Lib_MathDouble.c,856 :: 		
0x0149	0x29A8      	GOTO       JPDSETFUN32
;__Lib_MathDouble.c,857 :: 		
DARGOK32:
;__Lib_MathDouble.c,858 :: 		
0x014A	0x3018      	MOVLW      24
;__Lib_MathDouble.c,860 :: 		
0x014B	0x07FA      	ADDWF      R10, 1
;__Lib_MathDouble.c,861 :: 		
DLOOP32:
;__Lib_MathDouble.c,862 :: 		
0x014C	0x0DFD      	RLF        R13, 1
;__Lib_MathDouble.c,863 :: 		
0x014D	0x0DFC      	RLF        R12, 1
;__Lib_MathDouble.c,864 :: 		
0x014E	0x0DF8      	RLF        R8, 1
;__Lib_MathDouble.c,865 :: 		
0x014F	0x0DF0      	RLF        R0, 1
;__Lib_MathDouble.c,866 :: 		
0x0150	0x0DF1      	RLF        R1, 1
;__Lib_MathDouble.c,867 :: 		
0x0151	0x0DF2      	RLF        R2, 1
;__Lib_MathDouble.c,868 :: 		
0x0152	0x0DA0      	RLF        __math_tempbD, 1
;__Lib_MathDouble.c,870 :: 		
0x0153	0x0874      	MOVF       R4, 0
;__Lib_MathDouble.c,871 :: 		
0x0154	0x02F0      	SUBWF      R0, 1
;__Lib_MathDouble.c,872 :: 		
0x0155	0x0875      	MOVF       R5, 0
;__Lib_MathDouble.c,873 :: 		
0x0156	0x1C03      	BTFSS      STATUS, 0
;__Lib_MathDouble.c,874 :: 		
0x0157	0x0F75      	INCFSZ     R5, 0
;__Lib_MathDouble.c,876 :: 		
0x0158	0x02F1      	SUBWF      R1, 1
;__Lib_MathDouble.c,877 :: 		
0x0159	0x0876      	MOVF       R6, 0
;__Lib_MathDouble.c,878 :: 		
0x015A	0x1C03      	BTFSS      STATUS, 0
;__Lib_MathDouble.c,879 :: 		
0x015B	0x0F76      	INCFSZ     R6, 0
;__Lib_MathDouble.c,881 :: 		
0x015C	0x02F2      	SUBWF      R2, 1
;__Lib_MathDouble.c,882 :: 		
0x015D	0x0D76      	RLF        R6, 0
;__Lib_MathDouble.c,883 :: 		
0x015E	0x04A0      	IORWF      __math_tempbD, 1
;__Lib_MathDouble.c,884 :: 		
0x015F	0x1C20      	BTFSS      __math_tempbD, 0
;__Lib_MathDouble.c,885 :: 		
0x0160	0x2963      	GOTO       DREST32
;__Lib_MathDouble.c,886 :: 		
0x0161	0x147D      	BSF        R13, 0
;__Lib_MathDouble.c,887 :: 		
0x0162	0x296E      	GOTO       DOK32
;__Lib_MathDouble.c,888 :: 		
DREST32:
;__Lib_MathDouble.c,889 :: 		
0x0163	0x0874      	MOVF       R4, 0
;__Lib_MathDouble.c,890 :: 		
0x0164	0x07F0      	ADDWF      R0, 1
;__Lib_MathDouble.c,891 :: 		
0x0165	0x0875      	MOVF       R5, 0
;__Lib_MathDouble.c,892 :: 		
0x0166	0x1803      	BTFSC      STATUS, 0
;__Lib_MathDouble.c,893 :: 		
0x0167	0x0F75      	INCFSZ     R5, 0
;__Lib_MathDouble.c,895 :: 		
0x0168	0x07F1      	ADDWF      R1, 1
;__Lib_MathDouble.c,896 :: 		
0x0169	0x0876      	MOVF       R6, 0
;__Lib_MathDouble.c,897 :: 		
0x016A	0x1803      	BTFSC      STATUS, 0
;__Lib_MathDouble.c,898 :: 		
0x016B	0x0A76      	INCF       R6, 0
;__Lib_MathDouble.c,899 :: 		
0x016C	0x07F2      	ADDWF      R2, 1
;__Lib_MathDouble.c,900 :: 		
0x016D	0x107D      	BCF        R13, 0
;__Lib_MathDouble.c,901 :: 		
DOK32:
;__Lib_MathDouble.c,903 :: 		
0x016E	0x03FA      	DECF       R10, 1
;__Lib_MathDouble.c,904 :: 		
0x016F	0x301F      	MOVLW      31
;__Lib_MathDouble.c,905 :: 		
0x0170	0x057A      	ANDWF      R10, 0
;__Lib_MathDouble.c,906 :: 		
0x0171	0x1D03      	BTFSS      STATUS, 2
;__Lib_MathDouble.c,907 :: 		
0x0172	0x294C      	GOTO       DLOOP32
;__Lib_MathDouble.c,909 :: 		
0x0173	0x1B7B      	BTFSC      R11, 6
;__Lib_MathDouble.c,910 :: 		
0x0174	0x1C7D      	BTFSS      R13, 0
;__Lib_MathDouble.c,911 :: 		
0x0175	0x2995      	GOTO       DIV32OK
;__Lib_MathDouble.c,912 :: 		
0x0176	0x1003      	BCF        STATUS, 0
;__Lib_MathDouble.c,913 :: 		
0x0177	0x0DF0      	RLF        R0, 1
;__Lib_MathDouble.c,914 :: 		
0x0178	0x0DF1      	RLF        R1, 1
;__Lib_MathDouble.c,915 :: 		
0x0179	0x0DF2      	RLF        R2, 1
;__Lib_MathDouble.c,916 :: 		
0x017A	0x0DA0      	RLF        __math_tempbD, 1
;__Lib_MathDouble.c,918 :: 		
0x017B	0x0874      	MOVF       R4, 0
;__Lib_MathDouble.c,919 :: 		
0x017C	0x02F0      	SUBWF      R0, 1
;__Lib_MathDouble.c,920 :: 		
0x017D	0x0875      	MOVF       R5, 0
;__Lib_MathDouble.c,921 :: 		
0x017E	0x1C03      	BTFSS      STATUS, 0
;__Lib_MathDouble.c,922 :: 		
0x017F	0x0F75      	INCFSZ     R5, 0
;__Lib_MathDouble.c,923 :: 		
0x0180	0x02F1      	SUBWF      R1, 1
;__Lib_MathDouble.c,924 :: 		
0x0181	0x0876      	MOVF       R6, 0
;__Lib_MathDouble.c,925 :: 		
0x0182	0x1C03      	BTFSS      STATUS, 0
;__Lib_MathDouble.c,926 :: 		
0x0183	0x0F76      	INCFSZ     R6, 0
;__Lib_MathDouble.c,927 :: 		
0x0184	0x02F2      	SUBWF      R2, 1
;__Lib_MathDouble.c,928 :: 		
0x0185	0x0D76      	RLF        R6, 0
;__Lib_MathDouble.c,929 :: 		
0x0186	0x0420      	IORWF      __math_tempbD, 0
;__Lib_MathDouble.c,930 :: 		
0x0187	0x3901      	ANDLW      1
;__Lib_MathDouble.c,931 :: 		
0x0188	0x07FD      	ADDWF      R13, 1
;__Lib_MathDouble.c,932 :: 		
0x0189	0x1803      	BTFSC      STATUS, 0
;__Lib_MathDouble.c,933 :: 		
0x018A	0x0AFC      	INCF       R12, 1
;__Lib_MathDouble.c,934 :: 		
0x018B	0x1903      	BTFSC      STATUS, 2
;__Lib_MathDouble.c,935 :: 		
0x018C	0x0AF8      	INCF       R8, 1
;__Lib_MathDouble.c,936 :: 		
0x018D	0x1D03      	BTFSS      STATUS, 2
;__Lib_MathDouble.c,937 :: 		
0x018E	0x2995      	GOTO       DIV32OK
;__Lib_MathDouble.c,938 :: 		
0x018F	0x0CF8      	RRF        R8, 1
;__Lib_MathDouble.c,939 :: 		
0x0190	0x0CFC      	RRF        R12, 1
;__Lib_MathDouble.c,940 :: 		
0x0191	0x0CFD      	RRF        R13, 1
;__Lib_MathDouble.c,941 :: 		
0x0192	0x0AF3      	INCF       R3, 1
;__Lib_MathDouble.c,942 :: 		
0x0193	0x1903      	BTFSC      STATUS, 2
;__Lib_MathDouble.c,943 :: 		
0x0194	0x29A5      	GOTO       JPDSETFOV32
;__Lib_MathDouble.c,944 :: 		
DIV32OK:
;__Lib_MathDouble.c,945 :: 		
0x0195	0x1FFA      	BTFSS      R10, 7
;__Lib_MathDouble.c,946 :: 		
0x0196	0x13F8      	BCF        R8, 7
;__Lib_MathDouble.c,947 :: 		
0x0197	0x0878      	MOVF       R8, 0
;__Lib_MathDouble.c,948 :: 		
0x0198	0x00F2      	MOVWF      R2
;__Lib_MathDouble.c,949 :: 		
0x0199	0x087C      	MOVF       R12, 0
;__Lib_MathDouble.c,950 :: 		
0x019A	0x00F1      	MOVWF      R1
;__Lib_MathDouble.c,951 :: 		
0x019B	0x087D      	MOVF       R13, 0
;__Lib_MathDouble.c,952 :: 		
0x019C	0x00F0      	MOVWF      R0
;__Lib_MathDouble.c,954 :: 		
0x019D	0x3000      	MOVLW      0
;__Lib_MathDouble.c,956 :: 		
0x019E	0x29AA      	GOTO       DIV32EEE
;__Lib_MathDouble.c,957 :: 		
JPDSETFDZ32:
;__Lib_MathDouble.c,958 :: 		
0x019F	0x3001      	MOVLW      1
;__Lib_MathDouble.c,961 :: 		
0x01A0	0x2062      	CALL       _SETFDZ32
;__Lib_MathDouble.c,963 :: 		
0x01A1	0x29AA      	GOTO       DIV32EEE
;__Lib_MathDouble.c,964 :: 		
JPDRES032:
;__Lib_MathDouble.c,965 :: 		
0x01A2	0x3002      	MOVLW      2
;__Lib_MathDouble.c,968 :: 		
0x01A3	0x2003      	CALL       _RES032
;__Lib_MathDouble.c,970 :: 		
0x01A4	0x29AA      	GOTO       DIV32EEE
;__Lib_MathDouble.c,971 :: 		
JPDSETFOV32:
;__Lib_MathDouble.c,972 :: 		
0x01A5	0x3004      	MOVLW      4
;__Lib_MathDouble.c,975 :: 		
0x01A6	0x2027      	CALL       _SETFOV32
;__Lib_MathDouble.c,977 :: 		
0x01A7	0x29AA      	GOTO       DIV32EEE
;__Lib_MathDouble.c,978 :: 		
JPDSETFUN32:
;__Lib_MathDouble.c,979 :: 		
0x01A8	0x3008      	MOVLW      8
;__Lib_MathDouble.c,982 :: 		
0x01A9	0x200A      	CALL       _SETFUN32
;__Lib_MathDouble.c,984 :: 		
DIV32EEE:
;__Lib_MathDouble.c,985 :: 		
0x01AA	0x0000      	NOP
;__Lib_MathDouble.c,994 :: 		
L_end_Div_32x32_FP:
0x01AB	0x0008      	RETURN
; end of _Div_32x32_FP
_msDelay:
;VacuumCleaner.c,22 :: 		void msDelay(unsigned int msCnt)
;VacuumCleaner.c,24 :: 		unsigned int ms=0;
0x01AC	0x1283      	BCF        STATUS, 5
0x01AD	0x1303      	BCF        STATUS, 6
0x01AE	0x01AB      	CLRF       msDelay_ms_L0
0x01AF	0x01AC      	CLRF       msDelay_ms_L0+1
0x01B0	0x01AD      	CLRF       msDelay_cc_L0
0x01B1	0x01AE      	CLRF       msDelay_cc_L0+1
;VacuumCleaner.c,26 :: 		for(ms=0;ms<(msCnt);ms++)
0x01B2	0x01AB      	CLRF       msDelay_ms_L0
0x01B3	0x01AC      	CLRF       msDelay_ms_L0+1
L_msDelay0:
0x01B4	0x082A      	MOVF       FARG_msDelay_msCnt+1, 0
0x01B5	0x022C      	SUBWF      msDelay_ms_L0+1, 0
0x01B6	0x1D03      	BTFSS      STATUS, 2
0x01B7	0x29BA      	GOTO       L__msDelay37
0x01B8	0x0829      	MOVF       FARG_msDelay_msCnt, 0
0x01B9	0x022B      	SUBWF      msDelay_ms_L0, 0
L__msDelay37:
0x01BA	0x1803      	BTFSC      STATUS, 0
0x01BB	0x29CE      	GOTO       L_msDelay1
;VacuumCleaner.c,28 :: 		for(cc=0;cc<155;cc++);//1ms
0x01BC	0x01AD      	CLRF       msDelay_cc_L0
0x01BD	0x01AE      	CLRF       msDelay_cc_L0+1
L_msDelay3:
0x01BE	0x3000      	MOVLW      0
0x01BF	0x022E      	SUBWF      msDelay_cc_L0+1, 0
0x01C0	0x1D03      	BTFSS      STATUS, 2
0x01C1	0x29C4      	GOTO       L__msDelay38
0x01C2	0x309B      	MOVLW      155
0x01C3	0x022D      	SUBWF      msDelay_cc_L0, 0
L__msDelay38:
0x01C4	0x1803      	BTFSC      STATUS, 0
0x01C5	0x29CA      	GOTO       L_msDelay4
0x01C6	0x0AAD      	INCF       msDelay_cc_L0, 1
0x01C7	0x1903      	BTFSC      STATUS, 2
0x01C8	0x0AAE      	INCF       msDelay_cc_L0+1, 1
0x01C9	0x29BE      	GOTO       L_msDelay3
L_msDelay4:
;VacuumCleaner.c,26 :: 		for(ms=0;ms<(msCnt);ms++)
0x01CA	0x0AAB      	INCF       msDelay_ms_L0, 1
0x01CB	0x1903      	BTFSC      STATUS, 2
0x01CC	0x0AAC      	INCF       msDelay_ms_L0+1, 1
;VacuumCleaner.c,29 :: 		}
0x01CD	0x29B4      	GOTO       L_msDelay0
L_msDelay1:
;VacuumCleaner.c,30 :: 		}
L_end_msDelay:
0x01CE	0x0008      	RETURN
; end of _msDelay
_Distance:
;VacuumCleaner.c,180 :: 		int Distance(){
;VacuumCleaner.c,183 :: 		int dist=5;
;VacuumCleaner.c,184 :: 		TMR1H = 0;                  //Sets the Initial Value of Timer
0x01CF	0x1283      	BCF        STATUS, 5
0x01D0	0x1303      	BCF        STATUS, 6
0x01D1	0x018F      	CLRF       TMR1H
;VacuumCleaner.c,185 :: 		TMR1L = 0;                  //Sets the Initial Value of Timer
0x01D2	0x018E      	CLRF       TMR1L
;VacuumCleaner.c,187 :: 		PORTC=PORTC | 0X04;               //TRIGGER HIGH
0x01D3	0x1507      	BSF        PORTC, 2
;VacuumCleaner.c,188 :: 		usDelay(10);               //10uS Delay
0x01D4	0x300A      	MOVLW      10
0x01D5	0x00AF      	MOVWF      FARG_usDelay_usCnt
0x01D6	0x3000      	MOVLW      0
0x01D7	0x00B0      	MOVWF      FARG_usDelay_usCnt+1
0x01D8	0x20E0      	CALL       _usDelay
;VacuumCleaner.c,189 :: 		PORTC=PORTC & 0B11110111;           //TRIGGER LOW
0x01D9	0x30F7      	MOVLW      247
0x01DA	0x0587      	ANDWF      PORTC, 1
;VacuumCleaner.c,191 :: 		while(!(PORTC&0b00010000));           //Waiting for Echo
L_Distance32:
0x01DB	0x1A07      	BTFSC      PORTC, 4
0x01DC	0x29DE      	GOTO       L_Distance33
0x01DD	0x29DB      	GOTO       L_Distance32
L_Distance33:
;VacuumCleaner.c,192 :: 		T1CON= T1CON|0b00000001;             //Timer Starts
0x01DE	0x1410      	BSF        T1CON, 0
;VacuumCleaner.c,193 :: 		while(PORTC&0b00010000);            //Waiting for Echo goes LOW
L_Distance34:
0x01DF	0x1E07      	BTFSS      PORTC, 4
0x01E0	0x29E2      	GOTO       L_Distance35
0x01E1	0x29DF      	GOTO       L_Distance34
L_Distance35:
;VacuumCleaner.c,194 :: 		T1CON= T1CON&0b11111110;                //Timer Stops
0x01E2	0x30FE      	MOVLW      254
0x01E3	0x0590      	ANDWF      T1CON, 1
;VacuumCleaner.c,196 :: 		dist = (TMR1L | (TMR1H<<8));   //Reads Timer Value
0x01E4	0x080F      	MOVF       TMR1H, 0
0x01E5	0x00F1      	MOVWF      R0+1
0x01E6	0x01F0      	CLRF       R0
0x01E7	0x080E      	MOVF       TMR1L, 0
0x01E8	0x04F0      	IORWF      R0, 1
0x01E9	0x3000      	MOVLW      0
0x01EA	0x04F1      	IORWF      R0+1, 1
;VacuumCleaner.c,197 :: 		dist = dist/58.82;                //Converts Time to Distance
0x01EB	0x20C2      	CALL       _int2double
0x01EC	0x30AE      	MOVLW      174
0x01ED	0x00F4      	MOVWF      R4
0x01EE	0x3047      	MOVLW      71
0x01EF	0x00F5      	MOVWF      R4+1
0x01F0	0x306B      	MOVLW      107
0x01F1	0x00F6      	MOVWF      R4+2
0x01F2	0x3084      	MOVLW      132
0x01F3	0x00F7      	MOVWF      R4+3
0x01F4	0x20F5      	CALL       _Div_32x32_FP
0x01F5	0x2065      	CALL       _double2int
;VacuumCleaner.c,198 :: 		return dist;
;VacuumCleaner.c,199 :: 		}
L_end_Distance:
0x01F6	0x0008      	RETURN
; end of _Distance
_motor:
;VacuumCleaner.c,212 :: 		void motor(unsigned int speed){
;VacuumCleaner.c,213 :: 		CCPR2L=speed;
0x01F7	0x1283      	BCF        STATUS, 5
0x01F8	0x1303      	BCF        STATUS, 6
0x01F9	0x0829      	MOVF       FARG_motor_speed, 0
0x01FA	0x009B      	MOVWF      CCPR2L
;VacuumCleaner.c,214 :: 		}
L_end_motor:
0x01FB	0x0008      	RETURN
; end of _motor
_Div_16X16_U:
;__Lib_Math.c,215 :: 		
;__Lib_Math.c,222 :: 		
0x01FC	0x1283      	BCF        STATUS, 5
;__Lib_Math.c,223 :: 		
0x01FD	0x1303      	BCF        STATUS, 6
;__Lib_Math.c,224 :: 		
0x01FE	0x01F8      	CLRF       R8
;__Lib_Math.c,225 :: 		
0x01FF	0x01F9      	CLRF       R9
;__Lib_Math.c,226 :: 		
0x0200	0x3010      	MOVLW      16
;__Lib_Math.c,227 :: 		
0x0201	0x00FC      	MOVWF      R12
;__Lib_Math.c,228 :: 		
0x0202	0x0D71      	RLF        R1, 0
;__Lib_Math.c,229 :: 		
0x0203	0x0DF8      	RLF        R8, 1
;__Lib_Math.c,230 :: 		
0x0204	0x0DF9      	RLF        R9, 1
;__Lib_Math.c,231 :: 		
0x0205	0x0874      	MOVF       R4, 0
;__Lib_Math.c,232 :: 		
0x0206	0x02F8      	SUBWF      R8, 1
;__Lib_Math.c,233 :: 		
0x0207	0x0875      	MOVF       R5, 0
;__Lib_Math.c,234 :: 		
0x0208	0x1C03      	BTFSS      STATUS, 0
;__Lib_Math.c,235 :: 		
0x0209	0x0F75      	INCFSZ     R5, 0
;__Lib_Math.c,236 :: 		
0x020A	0x02F9      	SUBWF      R9, 1
;__Lib_Math.c,237 :: 		
0x020B	0x1803      	BTFSC      STATUS, 0
;__Lib_Math.c,238 :: 		
0x020C	0x2A14      	GOTO       $+8
;__Lib_Math.c,239 :: 		
0x020D	0x0874      	MOVF       R4, 0
;__Lib_Math.c,240 :: 		
0x020E	0x07F8      	ADDWF      R8, 1
;__Lib_Math.c,241 :: 		
0x020F	0x0875      	MOVF       R5, 0
;__Lib_Math.c,242 :: 		
0x0210	0x1803      	BTFSC      STATUS, 0
;__Lib_Math.c,243 :: 		
0x0211	0x0F75      	INCFSZ     R5, 0
;__Lib_Math.c,244 :: 		
0x0212	0x07F9      	ADDWF      R9, 1
;__Lib_Math.c,245 :: 		
0x0213	0x1003      	BCF        STATUS, 0
;__Lib_Math.c,246 :: 		
0x0214	0x0DF0      	RLF        R0, 1
;__Lib_Math.c,247 :: 		
0x0215	0x0DF1      	RLF        R1, 1
;__Lib_Math.c,248 :: 		
0x0216	0x0BFC      	DECFSZ     R12, 1
;__Lib_Math.c,249 :: 		
0x0217	0x2A02      	GOTO       $-21
;__Lib_Math.c,251 :: 		
L_end_Div_16X16_U:
0x0218	0x0008      	RETURN
; end of _Div_16X16_U
_Mul_16X16_U:
;__Lib_Math.c,136 :: 		
;__Lib_Math.c,143 :: 		
0x0219	0x1283      	BCF        STATUS, 5
;__Lib_Math.c,144 :: 		
0x021A	0x1303      	BCF        STATUS, 6
;__Lib_Math.c,145 :: 		
0x021B	0x01FB      	CLRF       R11
;__Lib_Math.c,146 :: 		
0x021C	0x01FA      	CLRF       R10
;__Lib_Math.c,147 :: 		
0x021D	0x01F9      	CLRF       R9
;__Lib_Math.c,148 :: 		
0x021E	0x3080      	MOVLW      128
;__Lib_Math.c,149 :: 		
0x021F	0x00F8      	MOVWF      R8
;__Lib_Math.c,150 :: 		
0x0220	0x0CF1      	RRF        R1, 1
;__Lib_Math.c,151 :: 		
0x0221	0x0CF0      	RRF        R0, 1
;__Lib_Math.c,152 :: 		
0x0222	0x1C03      	BTFSS      STATUS, 0
;__Lib_Math.c,153 :: 		
0x0223	0x2A2D      	GOTO       $+10
;__Lib_Math.c,154 :: 		
0x0224	0x0874      	MOVF       R4, 0
;__Lib_Math.c,155 :: 		
0x0225	0x07F9      	ADDWF      R9, 1
;__Lib_Math.c,156 :: 		
0x0226	0x0875      	MOVF       R5, 0
;__Lib_Math.c,157 :: 		
0x0227	0x1803      	BTFSC      STATUS, 0
;__Lib_Math.c,158 :: 		
0x0228	0x0F75      	INCFSZ     R5, 0
;__Lib_Math.c,159 :: 		
0x0229	0x07FA      	ADDWF      R10, 1
;__Lib_Math.c,160 :: 		
0x022A	0x1803      	BTFSC      STATUS, 0
;__Lib_Math.c,161 :: 		
0x022B	0x0AFB      	INCF       R11, 1
;__Lib_Math.c,162 :: 		
0x022C	0x1003      	BCF        STATUS, 0
;__Lib_Math.c,163 :: 		
0x022D	0x1FF0      	BTFSS      R0, 7
;__Lib_Math.c,164 :: 		
0x022E	0x2A35      	GOTO       $+7
;__Lib_Math.c,165 :: 		
0x022F	0x0874      	MOVF       R4, 0
;__Lib_Math.c,166 :: 		
0x0230	0x07FA      	ADDWF      R10, 1
;__Lib_Math.c,167 :: 		
0x0231	0x0875      	MOVF       R5, 0
;__Lib_Math.c,168 :: 		
0x0232	0x1803      	BTFSC      STATUS, 0
;__Lib_Math.c,169 :: 		
0x0233	0x0F75      	INCFSZ     R5, 0
;__Lib_Math.c,170 :: 		
0x0234	0x07FB      	ADDWF      R11, 1
;__Lib_Math.c,171 :: 		
0x0235	0x0CFB      	RRF        R11, 1
;__Lib_Math.c,172 :: 		
0x0236	0x0CFA      	RRF        R10, 1
;__Lib_Math.c,173 :: 		
0x0237	0x0CF9      	RRF        R9, 1
;__Lib_Math.c,174 :: 		
0x0238	0x0CF8      	RRF        R8, 1
;__Lib_Math.c,175 :: 		
0x0239	0x1C03      	BTFSS      STATUS, 0
;__Lib_Math.c,176 :: 		
0x023A	0x2A20      	GOTO       $-26
;__Lib_Math.c,177 :: 		
0x023B	0x087B      	MOVF       R11, 0
;__Lib_Math.c,178 :: 		
0x023C	0x00F3      	MOVWF      R3
;__Lib_Math.c,179 :: 		
0x023D	0x087A      	MOVF       R10, 0
;__Lib_Math.c,180 :: 		
0x023E	0x00F2      	MOVWF      R2
;__Lib_Math.c,181 :: 		
0x023F	0x0879      	MOVF       R9, 0
;__Lib_Math.c,182 :: 		
0x0240	0x00F1      	MOVWF      R1
;__Lib_Math.c,183 :: 		
0x0241	0x0878      	MOVF       R8, 0
;__Lib_Math.c,184 :: 		
0x0242	0x00F0      	MOVWF      R0
;__Lib_Math.c,187 :: 		
L_end_Mul_16X16_U:
0x0243	0x0008      	RETURN
; end of _Mul_16X16_U
_ATD_read:
;VacuumCleaner.c,173 :: 		unsigned int ATD_read(void){
;VacuumCleaner.c,174 :: 		ADCON0=ADCON0 | 0x04;//GO
0x0244	0x1283      	BCF        STATUS, 5
0x0245	0x1303      	BCF        STATUS, 6
0x0246	0x151F      	BSF        ADCON0, 2
;VacuumCleaner.c,175 :: 		while(ADCON0&0x04);//wait until DONE
L_ATD_read30:
0x0247	0x1D1F      	BTFSS      ADCON0, 2
0x0248	0x2A4A      	GOTO       L_ATD_read31
0x0249	0x2A47      	GOTO       L_ATD_read30
L_ATD_read31:
;VacuumCleaner.c,176 :: 		return (ADRESH<<8)|ADRESL;
0x024A	0x081E      	MOVF       ADRESH, 0
0x024B	0x00F1      	MOVWF      R0+1
0x024C	0x01F0      	CLRF       R0
0x024D	0x1683      	BSF        STATUS, 5
0x024E	0x081E      	MOVF       ADRESL, 0
0x024F	0x04F0      	IORWF      R0, 1
0x0250	0x3000      	MOVLW      0
0x0251	0x04F1      	IORWF      R0+1, 1
;VacuumCleaner.c,178 :: 		}
L_end_ATD_read:
0x0252	0x0008      	RETURN
; end of _ATD_read
_motor2:
;VacuumCleaner.c,215 :: 		void motor2(unsigned int speed){
;VacuumCleaner.c,216 :: 		CCPR1L=speed;
0x0253	0x1283      	BCF        STATUS, 5
0x0254	0x1303      	BCF        STATUS, 6
0x0255	0x0829      	MOVF       FARG_motor2_speed, 0
0x0256	0x0095      	MOVWF      CCPR1L
;VacuumCleaner.c,217 :: 		}
L_end_motor2:
0x0257	0x0008      	RETURN
; end of _motor2
_ATD_init:
;VacuumCleaner.c,167 :: 		void ATD_init(void){
;VacuumCleaner.c,168 :: 		ADCON0=0x41;//ON, Channel 0, Fosc/16== 500KHz, Dont Go
0x0258	0x3041      	MOVLW      65
0x0259	0x1283      	BCF        STATUS, 5
0x025A	0x1303      	BCF        STATUS, 6
0x025B	0x009F      	MOVWF      ADCON0
;VacuumCleaner.c,169 :: 		ADCON1=0xCE;// RA0 Analog, others are Digital, Right Allignment,
0x025C	0x30CE      	MOVLW      206
0x025D	0x1683      	BSF        STATUS, 5
0x025E	0x009F      	MOVWF      ADCON1
;VacuumCleaner.c,170 :: 		}
L_end_ATD_init:
0x025F	0x0008      	RETURN
; end of _ATD_init
_CCPPWM_init:
;VacuumCleaner.c,202 :: 		void CCPPWM_init(void){ //Configure CCP1 and CCP2 at 2ms period with 50% duty cycle
;VacuumCleaner.c,203 :: 		T2CON =  0b00000111;//enable Timer2 at Fosc/4 with 1:16 prescaler (8 uS percount 2000uS to count 250 counts)
0x0260	0x3007      	MOVLW      7
0x0261	0x1283      	BCF        STATUS, 5
0x0262	0x1303      	BCF        STATUS, 6
0x0263	0x0092      	MOVWF      T2CON
;VacuumCleaner.c,204 :: 		CCP2CON = 0x0C;//enable PWM for CCP2
0x0264	0x300C      	MOVLW      12
0x0265	0x009D      	MOVWF      CCP2CON
;VacuumCleaner.c,205 :: 		CCP1CON = 0x0C;//enable PWM for CCP1
0x0266	0x300C      	MOVLW      12
0x0267	0x0097      	MOVWF      CCP1CON
;VacuumCleaner.c,206 :: 		PR2 = 250;// 250 counts =8uS *250 =2ms period
0x0268	0x30FA      	MOVLW      250
0x0269	0x1683      	BSF        STATUS, 5
0x026A	0x0092      	MOVWF      PR2
;VacuumCleaner.c,207 :: 		CCPR2L= 0;
0x026B	0x1283      	BCF        STATUS, 5
0x026C	0x019B      	CLRF       CCPR2L
;VacuumCleaner.c,208 :: 		CCPR1L= 0;
0x026D	0x0195      	CLRF       CCPR1L
;VacuumCleaner.c,210 :: 		}
L_end_CCPPWM_init:
0x026E	0x0008      	RETURN
; end of _CCPPWM_init
_main:
;VacuumCleaner.c,47 :: 		void main() {
;VacuumCleaner.c,48 :: 		int dis=0;
0x026F	0x1283      	BCF        STATUS, 5
0x0270	0x1303      	BCF        STATUS, 6
0x0271	0x01A7      	CLRF       main_dis_L0
0x0272	0x01A8      	CLRF       main_dis_L0+1
;VacuumCleaner.c,50 :: 		TRISC=   0b00010000;
0x0273	0x3010      	MOVLW      16
0x0274	0x1683      	BSF        STATUS, 5
0x0275	0x0087      	MOVWF      TRISC
;VacuumCleaner.c,51 :: 		TRISB = 0b10000000;     //declare as output
0x0276	0x3080      	MOVLW      128
0x0277	0x0086      	MOVWF      TRISB
;VacuumCleaner.c,52 :: 		TRISD= 0b00000000;
0x0278	0x0188      	CLRF       TRISD
;VacuumCleaner.c,53 :: 		T1CON = 0x10;
0x0279	0x3010      	MOVLW      16
0x027A	0x1283      	BCF        STATUS, 5
0x027B	0x0090      	MOVWF      T1CON
;VacuumCleaner.c,55 :: 		CCPPWM_init(void);
0x027C	0x2260      	CALL       _CCPPWM_init
;VacuumCleaner.c,56 :: 		ATD_init(void);                //Initialize Timer Module
0x027D	0x2258      	CALL       _ATD_init
;VacuumCleaner.c,58 :: 		motor2(75);
0x027E	0x304B      	MOVLW      75
0x027F	0x1283      	BCF        STATUS, 5
0x0280	0x00A9      	MOVWF      FARG_motor2_speed
0x0281	0x3000      	MOVLW      0
0x0282	0x00AA      	MOVWF      FARG_motor2_speed+1
0x0283	0x2253      	CALL       _motor2
;VacuumCleaner.c,59 :: 		while(1){
L_main9:
;VacuumCleaner.c,60 :: 		v=ATD_read(void);
0x0284	0x2244      	CALL       _ATD_read
0x0285	0x0870      	MOVF       R0, 0
0x0286	0x1283      	BCF        STATUS, 5
0x0287	0x00A1      	MOVWF      _v
0x0288	0x0871      	MOVF       R0+1, 0
0x0289	0x00A2      	MOVWF      _v+1
;VacuumCleaner.c,61 :: 		speed= (((v>>2)*250)/255);// 0-250
0x028A	0x0870      	MOVF       R0, 0
0x028B	0x00F4      	MOVWF      R4
0x028C	0x0871      	MOVF       R0+1, 0
0x028D	0x00F5      	MOVWF      R4+1
0x028E	0x0CF5      	RRF        R4+1, 1
0x028F	0x0CF4      	RRF        R4, 1
0x0290	0x13F5      	BCF        R4+1, 7
0x0291	0x0CF5      	RRF        R4+1, 1
0x0292	0x0CF4      	RRF        R4, 1
0x0293	0x13F5      	BCF        R4+1, 7
0x0294	0x30FA      	MOVLW      250
0x0295	0x00F0      	MOVWF      R0
0x0296	0x01F1      	CLRF       R0+1
0x0297	0x2219      	CALL       _Mul_16X16_U
0x0298	0x30FF      	MOVLW      255
0x0299	0x00F4      	MOVWF      R4
0x029A	0x01F5      	CLRF       R4+1
0x029B	0x21FC      	CALL       _Div_16X16_U
0x029C	0x0870      	MOVF       R0, 0
0x029D	0x00A3      	MOVWF      _speed
0x029E	0x0871      	MOVF       R0+1, 0
0x029F	0x00A4      	MOVWF      _speed+1
;VacuumCleaner.c,62 :: 		motor(speed)   ;
0x02A0	0x0870      	MOVF       R0, 0
0x02A1	0x00A9      	MOVWF      FARG_motor_speed
0x02A2	0x0871      	MOVF       R0+1, 0
0x02A3	0x00AA      	MOVWF      FARG_motor_speed+1
0x02A4	0x21F7      	CALL       _motor
;VacuumCleaner.c,64 :: 		dis=Distance()  ;
0x02A5	0x21CF      	CALL       _Distance
0x02A6	0x0870      	MOVF       R0, 0
0x02A7	0x00A7      	MOVWF      main_dis_L0
0x02A8	0x0871      	MOVF       R0+1, 0
0x02A9	0x00A8      	MOVWF      main_dis_L0+1
;VacuumCleaner.c,67 :: 		while(dis>20){
L_main11:
0x02AA	0x3080      	MOVLW      128
0x02AB	0x00F0      	MOVWF      R0
0x02AC	0x3080      	MOVLW      128
0x02AD	0x0628      	XORWF      main_dis_L0+1, 0
0x02AE	0x0270      	SUBWF      R0, 0
0x02AF	0x1D03      	BTFSS      STATUS, 2
0x02B0	0x2AB3      	GOTO       L__main42
0x02B1	0x0827      	MOVF       main_dis_L0, 0
0x02B2	0x3C14      	SUBLW      20
L__main42:
0x02B3	0x1803      	BTFSC      STATUS, 0
0x02B4	0x2CC2      	GOTO       L_main12
;VacuumCleaner.c,69 :: 		dis=Distance()  ;
0x02B5	0x21CF      	CALL       _Distance
0x02B6	0x0870      	MOVF       R0, 0
0x02B7	0x00A7      	MOVWF      main_dis_L0
0x02B8	0x0871      	MOVF       R0+1, 0
0x02B9	0x00A8      	MOVWF      main_dis_L0+1
;VacuumCleaner.c,70 :: 		if(dis<=15){break;}
0x02BA	0x3080      	MOVLW      128
0x02BB	0x00F2      	MOVWF      R2
0x02BC	0x3080      	MOVLW      128
0x02BD	0x0671      	XORWF      R0+1, 0
0x02BE	0x0272      	SUBWF      R2, 0
0x02BF	0x1D03      	BTFSS      STATUS, 2
0x02C0	0x2AC3      	GOTO       L__main43
0x02C1	0x0870      	MOVF       R0, 0
0x02C2	0x3C0F      	SUBLW      15
L__main43:
0x02C3	0x1C03      	BTFSS      STATUS, 0
0x02C4	0x2AC6      	GOTO       L_main13
0x02C5	0x2CC2      	GOTO       L_main12
L_main13:
;VacuumCleaner.c,71 :: 		v=ATD_read(void);
0x02C6	0x2244      	CALL       _ATD_read
0x02C7	0x0870      	MOVF       R0, 0
0x02C8	0x1283      	BCF        STATUS, 5
0x02C9	0x00A1      	MOVWF      _v
0x02CA	0x0871      	MOVF       R0+1, 0
0x02CB	0x00A2      	MOVWF      _v+1
;VacuumCleaner.c,72 :: 		speed= (((v>>2)*250)/255);// 0-250
0x02CC	0x0870      	MOVF       R0, 0
0x02CD	0x00F4      	MOVWF      R4
0x02CE	0x0871      	MOVF       R0+1, 0
0x02CF	0x00F5      	MOVWF      R4+1
0x02D0	0x0CF5      	RRF        R4+1, 1
0x02D1	0x0CF4      	RRF        R4, 1
0x02D2	0x13F5      	BCF        R4+1, 7
0x02D3	0x0CF5      	RRF        R4+1, 1
0x02D4	0x0CF4      	RRF        R4, 1
0x02D5	0x13F5      	BCF        R4+1, 7
0x02D6	0x30FA      	MOVLW      250
0x02D7	0x00F0      	MOVWF      R0
0x02D8	0x01F1      	CLRF       R0+1
0x02D9	0x2219      	CALL       _Mul_16X16_U
0x02DA	0x30FF      	MOVLW      255
0x02DB	0x00F4      	MOVWF      R4
0x02DC	0x01F5      	CLRF       R4+1
0x02DD	0x21FC      	CALL       _Div_16X16_U
0x02DE	0x0870      	MOVF       R0, 0
0x02DF	0x00A3      	MOVWF      _speed
0x02E0	0x0871      	MOVF       R0+1, 0
0x02E1	0x00A4      	MOVWF      _speed+1
;VacuumCleaner.c,73 :: 		motor(speed)   ;
0x02E2	0x0870      	MOVF       R0, 0
0x02E3	0x00A9      	MOVWF      FARG_motor_speed
0x02E4	0x0871      	MOVF       R0+1, 0
0x02E5	0x00AA      	MOVWF      FARG_motor_speed+1
0x02E6	0x21F7      	CALL       _motor
;VacuumCleaner.c,74 :: 		motor2(75);
0x02E7	0x304B      	MOVLW      75
0x02E8	0x00A9      	MOVWF      FARG_motor2_speed
0x02E9	0x3000      	MOVLW      0
0x02EA	0x00AA      	MOVWF      FARG_motor2_speed+1
0x02EB	0x2253      	CALL       _motor2
;VacuumCleaner.c,75 :: 		msDelay(500);
0x02EC	0x30F4      	MOVLW      244
0x02ED	0x00A9      	MOVWF      FARG_msDelay_msCnt
0x02EE	0x3001      	MOVLW      1
0x02EF	0x00AA      	MOVWF      FARG_msDelay_msCnt+1
0x02F0	0x21AC      	CALL       _msDelay
;VacuumCleaner.c,78 :: 		PORTD=0b00001010;
0x02F1	0x300A      	MOVLW      10
0x02F2	0x0088      	MOVWF      PORTD
;VacuumCleaner.c,79 :: 		msDelay(500);
0x02F3	0x30F4      	MOVLW      244
0x02F4	0x00A9      	MOVWF      FARG_msDelay_msCnt
0x02F5	0x3001      	MOVLW      1
0x02F6	0x00AA      	MOVWF      FARG_msDelay_msCnt+1
0x02F7	0x21AC      	CALL       _msDelay
;VacuumCleaner.c,80 :: 		dis=Distance()  ;
0x02F8	0x21CF      	CALL       _Distance
0x02F9	0x0870      	MOVF       R0, 0
0x02FA	0x00A7      	MOVWF      main_dis_L0
0x02FB	0x0871      	MOVF       R0+1, 0
0x02FC	0x00A8      	MOVWF      main_dis_L0+1
;VacuumCleaner.c,81 :: 		if(dis<=20){break;}
0x02FD	0x3080      	MOVLW      128
0x02FE	0x00F2      	MOVWF      R2
0x02FF	0x3080      	MOVLW      128
0x0300	0x0671      	XORWF      R0+1, 0
0x0301	0x0272      	SUBWF      R2, 0
0x0302	0x1D03      	BTFSS      STATUS, 2
0x0303	0x2B06      	GOTO       L__main44
0x0304	0x0870      	MOVF       R0, 0
0x0305	0x3C14      	SUBLW      20
L__main44:
0x0306	0x1C03      	BTFSS      STATUS, 0
0x0307	0x2B09      	GOTO       L_main14
0x0308	0x2CC2      	GOTO       L_main12
L_main14:
;VacuumCleaner.c,82 :: 		msDelay(500);
0x0309	0x30F4      	MOVLW      244
0x030A	0x00A9      	MOVWF      FARG_msDelay_msCnt
0x030B	0x3001      	MOVLW      1
0x030C	0x00AA      	MOVWF      FARG_msDelay_msCnt+1
0x030D	0x21AC      	CALL       _msDelay
;VacuumCleaner.c,83 :: 		dis=Distance()  ;
0x030E	0x21CF      	CALL       _Distance
0x030F	0x0870      	MOVF       R0, 0
0x0310	0x00A7      	MOVWF      main_dis_L0
0x0311	0x0871      	MOVF       R0+1, 0
0x0312	0x00A8      	MOVWF      main_dis_L0+1
;VacuumCleaner.c,84 :: 		if(dis<=20){break;}
0x0313	0x3080      	MOVLW      128
0x0314	0x00F2      	MOVWF      R2
0x0315	0x3080      	MOVLW      128
0x0316	0x0671      	XORWF      R0+1, 0
0x0317	0x0272      	SUBWF      R2, 0
0x0318	0x1D03      	BTFSS      STATUS, 2
0x0319	0x2B1C      	GOTO       L__main45
0x031A	0x0870      	MOVF       R0, 0
0x031B	0x3C14      	SUBLW      20
L__main45:
0x031C	0x1C03      	BTFSS      STATUS, 0
0x031D	0x2B1F      	GOTO       L_main15
0x031E	0x2CC2      	GOTO       L_main12
L_main15:
;VacuumCleaner.c,85 :: 		msDelay(500);
0x031F	0x30F4      	MOVLW      244
0x0320	0x00A9      	MOVWF      FARG_msDelay_msCnt
0x0321	0x3001      	MOVLW      1
0x0322	0x00AA      	MOVWF      FARG_msDelay_msCnt+1
0x0323	0x21AC      	CALL       _msDelay
;VacuumCleaner.c,86 :: 		dis=Distance()  ;
0x0324	0x21CF      	CALL       _Distance
0x0325	0x0870      	MOVF       R0, 0
0x0326	0x00A7      	MOVWF      main_dis_L0
0x0327	0x0871      	MOVF       R0+1, 0
0x0328	0x00A8      	MOVWF      main_dis_L0+1
;VacuumCleaner.c,87 :: 		if(dis<=20){break;}
0x0329	0x3080      	MOVLW      128
0x032A	0x00F2      	MOVWF      R2
0x032B	0x3080      	MOVLW      128
0x032C	0x0671      	XORWF      R0+1, 0
0x032D	0x0272      	SUBWF      R2, 0
0x032E	0x1D03      	BTFSS      STATUS, 2
0x032F	0x2B32      	GOTO       L__main46
0x0330	0x0870      	MOVF       R0, 0
0x0331	0x3C14      	SUBLW      20
L__main46:
0x0332	0x1C03      	BTFSS      STATUS, 0
0x0333	0x2B35      	GOTO       L_main16
0x0334	0x2CC2      	GOTO       L_main12
L_main16:
;VacuumCleaner.c,88 :: 		msDelay(500);
0x0335	0x30F4      	MOVLW      244
0x0336	0x00A9      	MOVWF      FARG_msDelay_msCnt
0x0337	0x3001      	MOVLW      1
0x0338	0x00AA      	MOVWF      FARG_msDelay_msCnt+1
0x0339	0x21AC      	CALL       _msDelay
;VacuumCleaner.c,89 :: 		dis=Distance()  ;
0x033A	0x21CF      	CALL       _Distance
0x033B	0x0870      	MOVF       R0, 0
0x033C	0x00A7      	MOVWF      main_dis_L0
0x033D	0x0871      	MOVF       R0+1, 0
0x033E	0x00A8      	MOVWF      main_dis_L0+1
;VacuumCleaner.c,90 :: 		if(dis<=20){break;}
0x033F	0x3080      	MOVLW      128
0x0340	0x00F2      	MOVWF      R2
0x0341	0x3080      	MOVLW      128
0x0342	0x0671      	XORWF      R0+1, 0
0x0343	0x0272      	SUBWF      R2, 0
0x0344	0x1D03      	BTFSS      STATUS, 2
0x0345	0x2B48      	GOTO       L__main47
0x0346	0x0870      	MOVF       R0, 0
0x0347	0x3C14      	SUBLW      20
L__main47:
0x0348	0x1C03      	BTFSS      STATUS, 0
0x0349	0x2B4B      	GOTO       L_main17
0x034A	0x2CC2      	GOTO       L_main12
L_main17:
;VacuumCleaner.c,91 :: 		v=ATD_read(void);
0x034B	0x2244      	CALL       _ATD_read
0x034C	0x0870      	MOVF       R0, 0
0x034D	0x1283      	BCF        STATUS, 5
0x034E	0x00A1      	MOVWF      _v
0x034F	0x0871      	MOVF       R0+1, 0
0x0350	0x00A2      	MOVWF      _v+1
;VacuumCleaner.c,92 :: 		speed= (((v>>2)*250)/255);// 0-250
0x0351	0x0870      	MOVF       R0, 0
0x0352	0x00F4      	MOVWF      R4
0x0353	0x0871      	MOVF       R0+1, 0
0x0354	0x00F5      	MOVWF      R4+1
0x0355	0x0CF5      	RRF        R4+1, 1
0x0356	0x0CF4      	RRF        R4, 1
0x0357	0x13F5      	BCF        R4+1, 7
0x0358	0x0CF5      	RRF        R4+1, 1
0x0359	0x0CF4      	RRF        R4, 1
0x035A	0x13F5      	BCF        R4+1, 7
0x035B	0x30FA      	MOVLW      250
0x035C	0x00F0      	MOVWF      R0
0x035D	0x01F1      	CLRF       R0+1
0x035E	0x2219      	CALL       _Mul_16X16_U
0x035F	0x30FF      	MOVLW      255
0x0360	0x00F4      	MOVWF      R4
0x0361	0x01F5      	CLRF       R4+1
0x0362	0x21FC      	CALL       _Div_16X16_U
0x0363	0x0870      	MOVF       R0, 0
0x0364	0x00A3      	MOVWF      _speed
0x0365	0x0871      	MOVF       R0+1, 0
0x0366	0x00A4      	MOVWF      _speed+1
;VacuumCleaner.c,93 :: 		motor(speed)   ;
0x0367	0x0870      	MOVF       R0, 0
0x0368	0x00A9      	MOVWF      FARG_motor_speed
0x0369	0x0871      	MOVF       R0+1, 0
0x036A	0x00AA      	MOVWF      FARG_motor_speed+1
0x036B	0x21F7      	CALL       _motor
;VacuumCleaner.c,94 :: 		motor2(75);
0x036C	0x304B      	MOVLW      75
0x036D	0x00A9      	MOVWF      FARG_motor2_speed
0x036E	0x3000      	MOVLW      0
0x036F	0x00AA      	MOVWF      FARG_motor2_speed+1
0x0370	0x2253      	CALL       _motor2
;VacuumCleaner.c,95 :: 		msDelay(500);
0x0371	0x30F4      	MOVLW      244
0x0372	0x00A9      	MOVWF      FARG_msDelay_msCnt
0x0373	0x3001      	MOVLW      1
0x0374	0x00AA      	MOVWF      FARG_msDelay_msCnt+1
0x0375	0x21AC      	CALL       _msDelay
;VacuumCleaner.c,96 :: 		dis=Distance()  ;
0x0376	0x21CF      	CALL       _Distance
0x0377	0x0870      	MOVF       R0, 0
0x0378	0x00A7      	MOVWF      main_dis_L0
0x0379	0x0871      	MOVF       R0+1, 0
0x037A	0x00A8      	MOVWF      main_dis_L0+1
;VacuumCleaner.c,97 :: 		if(dis<=20){break;}
0x037B	0x3080      	MOVLW      128
0x037C	0x00F2      	MOVWF      R2
0x037D	0x3080      	MOVLW      128
0x037E	0x0671      	XORWF      R0+1, 0
0x037F	0x0272      	SUBWF      R2, 0
0x0380	0x1D03      	BTFSS      STATUS, 2
0x0381	0x2B84      	GOTO       L__main48
0x0382	0x0870      	MOVF       R0, 0
0x0383	0x3C14      	SUBLW      20
L__main48:
0x0384	0x1C03      	BTFSS      STATUS, 0
0x0385	0x2B87      	GOTO       L_main18
0x0386	0x2CC2      	GOTO       L_main12
L_main18:
;VacuumCleaner.c,101 :: 		PORTD=0b00001001;
0x0387	0x3009      	MOVLW      9
0x0388	0x0088      	MOVWF      PORTD
;VacuumCleaner.c,102 :: 		msDelay(250);
0x0389	0x30FA      	MOVLW      250
0x038A	0x00A9      	MOVWF      FARG_msDelay_msCnt
0x038B	0x01AA      	CLRF       FARG_msDelay_msCnt+1
0x038C	0x21AC      	CALL       _msDelay
;VacuumCleaner.c,103 :: 		dis=Distance()  ;
0x038D	0x21CF      	CALL       _Distance
0x038E	0x0870      	MOVF       R0, 0
0x038F	0x00A7      	MOVWF      main_dis_L0
0x0390	0x0871      	MOVF       R0+1, 0
0x0391	0x00A8      	MOVWF      main_dis_L0+1
;VacuumCleaner.c,104 :: 		if(dis<=20){break;}
0x0392	0x3080      	MOVLW      128
0x0393	0x00F2      	MOVWF      R2
0x0394	0x3080      	MOVLW      128
0x0395	0x0671      	XORWF      R0+1, 0
0x0396	0x0272      	SUBWF      R2, 0
0x0397	0x1D03      	BTFSS      STATUS, 2
0x0398	0x2B9B      	GOTO       L__main49
0x0399	0x0870      	MOVF       R0, 0
0x039A	0x3C14      	SUBLW      20
L__main49:
0x039B	0x1C03      	BTFSS      STATUS, 0
0x039C	0x2B9E      	GOTO       L_main19
0x039D	0x2CC2      	GOTO       L_main12
L_main19:
;VacuumCleaner.c,105 :: 		msDelay(250);
0x039E	0x30FA      	MOVLW      250
0x039F	0x00A9      	MOVWF      FARG_msDelay_msCnt
0x03A0	0x01AA      	CLRF       FARG_msDelay_msCnt+1
0x03A1	0x21AC      	CALL       _msDelay
;VacuumCleaner.c,106 :: 		dis=Distance()  ;
0x03A2	0x21CF      	CALL       _Distance
0x03A3	0x0870      	MOVF       R0, 0
0x03A4	0x00A7      	MOVWF      main_dis_L0
0x03A5	0x0871      	MOVF       R0+1, 0
0x03A6	0x00A8      	MOVWF      main_dis_L0+1
;VacuumCleaner.c,107 :: 		if(dis<=20){break;}
0x03A7	0x3080      	MOVLW      128
0x03A8	0x00F2      	MOVWF      R2
0x03A9	0x3080      	MOVLW      128
0x03AA	0x0671      	XORWF      R0+1, 0
0x03AB	0x0272      	SUBWF      R2, 0
0x03AC	0x1D03      	BTFSS      STATUS, 2
0x03AD	0x2BB0      	GOTO       L__main50
0x03AE	0x0870      	MOVF       R0, 0
0x03AF	0x3C14      	SUBLW      20
L__main50:
0x03B0	0x1C03      	BTFSS      STATUS, 0
0x03B1	0x2BB3      	GOTO       L_main20
0x03B2	0x2CC2      	GOTO       L_main12
L_main20:
;VacuumCleaner.c,108 :: 		v=ATD_read(void);
0x03B3	0x2244      	CALL       _ATD_read
0x03B4	0x0870      	MOVF       R0, 0
0x03B5	0x1283      	BCF        STATUS, 5
0x03B6	0x00A1      	MOVWF      _v
0x03B7	0x0871      	MOVF       R0+1, 0
0x03B8	0x00A2      	MOVWF      _v+1
;VacuumCleaner.c,109 :: 		speed= (((v>>2)*250)/255);// 0-250
0x03B9	0x0870      	MOVF       R0, 0
0x03BA	0x00F4      	MOVWF      R4
0x03BB	0x0871      	MOVF       R0+1, 0
0x03BC	0x00F5      	MOVWF      R4+1
0x03BD	0x0CF5      	RRF        R4+1, 1
0x03BE	0x0CF4      	RRF        R4, 1
0x03BF	0x13F5      	BCF        R4+1, 7
0x03C0	0x0CF5      	RRF        R4+1, 1
0x03C1	0x0CF4      	RRF        R4, 1
0x03C2	0x13F5      	BCF        R4+1, 7
0x03C3	0x30FA      	MOVLW      250
0x03C4	0x00F0      	MOVWF      R0
0x03C5	0x01F1      	CLRF       R0+1
0x03C6	0x2219      	CALL       _Mul_16X16_U
0x03C7	0x30FF      	MOVLW      255
0x03C8	0x00F4      	MOVWF      R4
0x03C9	0x01F5      	CLRF       R4+1
0x03CA	0x21FC      	CALL       _Div_16X16_U
0x03CB	0x0870      	MOVF       R0, 0
0x03CC	0x00A3      	MOVWF      _speed
0x03CD	0x0871      	MOVF       R0+1, 0
0x03CE	0x00A4      	MOVWF      _speed+1
;VacuumCleaner.c,110 :: 		motor(speed)   ;
0x03CF	0x0870      	MOVF       R0, 0
0x03D0	0x00A9      	MOVWF      FARG_motor_speed
0x03D1	0x0871      	MOVF       R0+1, 0
0x03D2	0x00AA      	MOVWF      FARG_motor_speed+1
0x03D3	0x21F7      	CALL       _motor
;VacuumCleaner.c,111 :: 		motor2(75);
0x03D4	0x304B      	MOVLW      75
0x03D5	0x00A9      	MOVWF      FARG_motor2_speed
0x03D6	0x3000      	MOVLW      0
0x03D7	0x00AA      	MOVWF      FARG_motor2_speed+1
0x03D8	0x2253      	CALL       _motor2
;VacuumCleaner.c,112 :: 		msDelay(250);
0x03D9	0x30FA      	MOVLW      250
0x03DA	0x00A9      	MOVWF      FARG_msDelay_msCnt
0x03DB	0x01AA      	CLRF       FARG_msDelay_msCnt+1
0x03DC	0x21AC      	CALL       _msDelay
;VacuumCleaner.c,116 :: 		PORTD=0b00001010;
0x03DD	0x300A      	MOVLW      10
0x03DE	0x0088      	MOVWF      PORTD
;VacuumCleaner.c,117 :: 		msDelay(250);
0x03DF	0x30FA      	MOVLW      250
0x03E0	0x00A9      	MOVWF      FARG_msDelay_msCnt
0x03E1	0x01AA      	CLRF       FARG_msDelay_msCnt+1
0x03E2	0x21AC      	CALL       _msDelay
;VacuumCleaner.c,118 :: 		dis=Distance()  ;
0x03E3	0x21CF      	CALL       _Distance
0x03E4	0x0870      	MOVF       R0, 0
0x03E5	0x00A7      	MOVWF      main_dis_L0
0x03E6	0x0871      	MOVF       R0+1, 0
0x03E7	0x00A8      	MOVWF      main_dis_L0+1
;VacuumCleaner.c,119 :: 		if(dis<=20){break;}
0x03E8	0x3080      	MOVLW      128
0x03E9	0x00F2      	MOVWF      R2
0x03EA	0x3080      	MOVLW      128
0x03EB	0x0671      	XORWF      R0+1, 0
0x03EC	0x0272      	SUBWF      R2, 0
0x03ED	0x1D03      	BTFSS      STATUS, 2
0x03EE	0x2BF1      	GOTO       L__main51
0x03EF	0x0870      	MOVF       R0, 0
0x03F0	0x3C14      	SUBLW      20
L__main51:
0x03F1	0x1C03      	BTFSS      STATUS, 0
0x03F2	0x2BF4      	GOTO       L_main21
0x03F3	0x2CC2      	GOTO       L_main12
L_main21:
;VacuumCleaner.c,120 :: 		msDelay(250);
0x03F4	0x30FA      	MOVLW      250
0x03F5	0x00A9      	MOVWF      FARG_msDelay_msCnt
0x03F6	0x01AA      	CLRF       FARG_msDelay_msCnt+1
0x03F7	0x21AC      	CALL       _msDelay
;VacuumCleaner.c,121 :: 		dis=Distance()  ;
0x03F8	0x21CF      	CALL       _Distance
0x03F9	0x0870      	MOVF       R0, 0
0x03FA	0x00A7      	MOVWF      main_dis_L0
0x03FB	0x0871      	MOVF       R0+1, 0
0x03FC	0x00A8      	MOVWF      main_dis_L0+1
;VacuumCleaner.c,122 :: 		if(dis<=20){break;}
0x03FD	0x3080      	MOVLW      128
0x03FE	0x00F2      	MOVWF      R2
0x03FF	0x3080      	MOVLW      128
0x0400	0x0671      	XORWF      R0+1, 0
0x0401	0x0272      	SUBWF      R2, 0
0x0402	0x1D03      	BTFSS      STATUS, 2
0x0403	0x2C06      	GOTO       L__main52
0x0404	0x0870      	MOVF       R0, 0
0x0405	0x3C14      	SUBLW      20
L__main52:
0x0406	0x1C03      	BTFSS      STATUS, 0
0x0407	0x2C09      	GOTO       L_main22
0x0408	0x2CC2      	GOTO       L_main12
L_main22:
;VacuumCleaner.c,123 :: 		msDelay(250);
0x0409	0x30FA      	MOVLW      250
0x040A	0x00A9      	MOVWF      FARG_msDelay_msCnt
0x040B	0x01AA      	CLRF       FARG_msDelay_msCnt+1
0x040C	0x21AC      	CALL       _msDelay
;VacuumCleaner.c,124 :: 		dis=Distance()  ;
0x040D	0x21CF      	CALL       _Distance
0x040E	0x0870      	MOVF       R0, 0
0x040F	0x00A7      	MOVWF      main_dis_L0
0x0410	0x0871      	MOVF       R0+1, 0
0x0411	0x00A8      	MOVWF      main_dis_L0+1
;VacuumCleaner.c,125 :: 		if(dis<=20){break;}
0x0412	0x3080      	MOVLW      128
0x0413	0x00F2      	MOVWF      R2
0x0414	0x3080      	MOVLW      128
0x0415	0x0671      	XORWF      R0+1, 0
0x0416	0x0272      	SUBWF      R2, 0
0x0417	0x1D03      	BTFSS      STATUS, 2
0x0418	0x2C1B      	GOTO       L__main53
0x0419	0x0870      	MOVF       R0, 0
0x041A	0x3C14      	SUBLW      20
L__main53:
0x041B	0x1C03      	BTFSS      STATUS, 0
0x041C	0x2C1E      	GOTO       L_main23
0x041D	0x2CC2      	GOTO       L_main12
L_main23:
;VacuumCleaner.c,126 :: 		msDelay(250);
0x041E	0x30FA      	MOVLW      250
0x041F	0x00A9      	MOVWF      FARG_msDelay_msCnt
0x0420	0x01AA      	CLRF       FARG_msDelay_msCnt+1
0x0421	0x21AC      	CALL       _msDelay
;VacuumCleaner.c,127 :: 		dis=Distance()  ;
0x0422	0x21CF      	CALL       _Distance
0x0423	0x0870      	MOVF       R0, 0
0x0424	0x00A7      	MOVWF      main_dis_L0
0x0425	0x0871      	MOVF       R0+1, 0
0x0426	0x00A8      	MOVWF      main_dis_L0+1
;VacuumCleaner.c,128 :: 		if(dis<=20){break;}
0x0427	0x3080      	MOVLW      128
0x0428	0x00F2      	MOVWF      R2
0x0429	0x3080      	MOVLW      128
0x042A	0x0671      	XORWF      R0+1, 0
0x042B	0x0272      	SUBWF      R2, 0
0x042C	0x1D03      	BTFSS      STATUS, 2
0x042D	0x2C30      	GOTO       L__main54
0x042E	0x0870      	MOVF       R0, 0
0x042F	0x3C14      	SUBLW      20
L__main54:
0x0430	0x1C03      	BTFSS      STATUS, 0
0x0431	0x2C33      	GOTO       L_main24
0x0432	0x2CC2      	GOTO       L_main12
L_main24:
;VacuumCleaner.c,129 :: 		msDelay(250);
0x0433	0x30FA      	MOVLW      250
0x0434	0x00A9      	MOVWF      FARG_msDelay_msCnt
0x0435	0x01AA      	CLRF       FARG_msDelay_msCnt+1
0x0436	0x21AC      	CALL       _msDelay
;VacuumCleaner.c,130 :: 		dis=Distance()  ;
0x0437	0x21CF      	CALL       _Distance
0x0438	0x0870      	MOVF       R0, 0
0x0439	0x00A7      	MOVWF      main_dis_L0
0x043A	0x0871      	MOVF       R0+1, 0
0x043B	0x00A8      	MOVWF      main_dis_L0+1
;VacuumCleaner.c,131 :: 		if(dis<=20){break;}
0x043C	0x3080      	MOVLW      128
0x043D	0x00F2      	MOVWF      R2
0x043E	0x3080      	MOVLW      128
0x043F	0x0671      	XORWF      R0+1, 0
0x0440	0x0272      	SUBWF      R2, 0
0x0441	0x1D03      	BTFSS      STATUS, 2
0x0442	0x2C45      	GOTO       L__main55
0x0443	0x0870      	MOVF       R0, 0
0x0444	0x3C14      	SUBLW      20
L__main55:
0x0445	0x1C03      	BTFSS      STATUS, 0
0x0446	0x2C48      	GOTO       L_main25
0x0447	0x2CC2      	GOTO       L_main12
L_main25:
;VacuumCleaner.c,132 :: 		v=ATD_read(void);
0x0448	0x2244      	CALL       _ATD_read
0x0449	0x0870      	MOVF       R0, 0
0x044A	0x1283      	BCF        STATUS, 5
0x044B	0x00A1      	MOVWF      _v
0x044C	0x0871      	MOVF       R0+1, 0
0x044D	0x00A2      	MOVWF      _v+1
;VacuumCleaner.c,133 :: 		speed= (((v>>2)*250)/255);// 0-250
0x044E	0x0870      	MOVF       R0, 0
0x044F	0x00F4      	MOVWF      R4
0x0450	0x0871      	MOVF       R0+1, 0
0x0451	0x00F5      	MOVWF      R4+1
0x0452	0x0CF5      	RRF        R4+1, 1
0x0453	0x0CF4      	RRF        R4, 1
0x0454	0x13F5      	BCF        R4+1, 7
0x0455	0x0CF5      	RRF        R4+1, 1
0x0456	0x0CF4      	RRF        R4, 1
0x0457	0x13F5      	BCF        R4+1, 7
0x0458	0x30FA      	MOVLW      250
0x0459	0x00F0      	MOVWF      R0
0x045A	0x01F1      	CLRF       R0+1
0x045B	0x2219      	CALL       _Mul_16X16_U
0x045C	0x30FF      	MOVLW      255
0x045D	0x00F4      	MOVWF      R4
0x045E	0x01F5      	CLRF       R4+1
0x045F	0x21FC      	CALL       _Div_16X16_U
0x0460	0x0870      	MOVF       R0, 0
0x0461	0x00A3      	MOVWF      _speed
0x0462	0x0871      	MOVF       R0+1, 0
0x0463	0x00A4      	MOVWF      _speed+1
;VacuumCleaner.c,134 :: 		motor(speed)   ;
0x0464	0x0870      	MOVF       R0, 0
0x0465	0x00A9      	MOVWF      FARG_motor_speed
0x0466	0x0871      	MOVF       R0+1, 0
0x0467	0x00AA      	MOVWF      FARG_motor_speed+1
0x0468	0x21F7      	CALL       _motor
;VacuumCleaner.c,135 :: 		motor2(75);
0x0469	0x304B      	MOVLW      75
0x046A	0x00A9      	MOVWF      FARG_motor2_speed
0x046B	0x3000      	MOVLW      0
0x046C	0x00AA      	MOVWF      FARG_motor2_speed+1
0x046D	0x2253      	CALL       _motor2
;VacuumCleaner.c,136 :: 		msDelay(250);
0x046E	0x30FA      	MOVLW      250
0x046F	0x00A9      	MOVWF      FARG_msDelay_msCnt
0x0470	0x01AA      	CLRF       FARG_msDelay_msCnt+1
0x0471	0x21AC      	CALL       _msDelay
;VacuumCleaner.c,139 :: 		PORTD=0b00000110;
0x0472	0x3006      	MOVLW      6
0x0473	0x0088      	MOVWF      PORTD
;VacuumCleaner.c,140 :: 		delay_ms(250);
0x0474	0x3003      	MOVLW      3
0x0475	0x00FB      	MOVWF      R11
0x0476	0x308A      	MOVLW      138
0x0477	0x00FC      	MOVWF      R12
0x0478	0x3055      	MOVLW      85
0x0479	0x00FD      	MOVWF      R13
L_main26:
0x047A	0x0BFD      	DECFSZ     R13, 1
0x047B	0x2C7A      	GOTO       L_main26
0x047C	0x0BFC      	DECFSZ     R12, 1
0x047D	0x2C7A      	GOTO       L_main26
0x047E	0x0BFB      	DECFSZ     R11, 1
0x047F	0x2C7A      	GOTO       L_main26
0x0480	0x0000      	NOP
0x0481	0x0000      	NOP
;VacuumCleaner.c,141 :: 		dis=Distance()  ;
0x0482	0x21CF      	CALL       _Distance
0x0483	0x0870      	MOVF       R0, 0
0x0484	0x00A7      	MOVWF      main_dis_L0
0x0485	0x0871      	MOVF       R0+1, 0
0x0486	0x00A8      	MOVWF      main_dis_L0+1
;VacuumCleaner.c,142 :: 		if(dis<=20){break;}
0x0487	0x3080      	MOVLW      128
0x0488	0x00F2      	MOVWF      R2
0x0489	0x3080      	MOVLW      128
0x048A	0x0671      	XORWF      R0+1, 0
0x048B	0x0272      	SUBWF      R2, 0
0x048C	0x1D03      	BTFSS      STATUS, 2
0x048D	0x2C90      	GOTO       L__main56
0x048E	0x0870      	MOVF       R0, 0
0x048F	0x3C14      	SUBLW      20
L__main56:
0x0490	0x1C03      	BTFSS      STATUS, 0
0x0491	0x2C93      	GOTO       L_main27
0x0492	0x2CC2      	GOTO       L_main12
L_main27:
;VacuumCleaner.c,143 :: 		msDelay(250);
0x0493	0x30FA      	MOVLW      250
0x0494	0x00A9      	MOVWF      FARG_msDelay_msCnt
0x0495	0x01AA      	CLRF       FARG_msDelay_msCnt+1
0x0496	0x21AC      	CALL       _msDelay
;VacuumCleaner.c,144 :: 		dis=Distance()  ;
0x0497	0x21CF      	CALL       _Distance
0x0498	0x0870      	MOVF       R0, 0
0x0499	0x00A7      	MOVWF      main_dis_L0
0x049A	0x0871      	MOVF       R0+1, 0
0x049B	0x00A8      	MOVWF      main_dis_L0+1
;VacuumCleaner.c,145 :: 		if(dis<=20){break;}
0x049C	0x3080      	MOVLW      128
0x049D	0x00F2      	MOVWF      R2
0x049E	0x3080      	MOVLW      128
0x049F	0x0671      	XORWF      R0+1, 0
0x04A0	0x0272      	SUBWF      R2, 0
0x04A1	0x1D03      	BTFSS      STATUS, 2
0x04A2	0x2CA5      	GOTO       L__main57
0x04A3	0x0870      	MOVF       R0, 0
0x04A4	0x3C14      	SUBLW      20
L__main57:
0x04A5	0x1C03      	BTFSS      STATUS, 0
0x04A6	0x2CA8      	GOTO       L_main28
0x04A7	0x2CC2      	GOTO       L_main12
L_main28:
;VacuumCleaner.c,146 :: 		msDelay(250);
0x04A8	0x30FA      	MOVLW      250
0x04A9	0x00A9      	MOVWF      FARG_msDelay_msCnt
0x04AA	0x01AA      	CLRF       FARG_msDelay_msCnt+1
0x04AB	0x21AC      	CALL       _msDelay
;VacuumCleaner.c,147 :: 		dis=Distance()  ;
0x04AC	0x21CF      	CALL       _Distance
0x04AD	0x0870      	MOVF       R0, 0
0x04AE	0x00A7      	MOVWF      main_dis_L0
0x04AF	0x0871      	MOVF       R0+1, 0
0x04B0	0x00A8      	MOVWF      main_dis_L0+1
;VacuumCleaner.c,148 :: 		if(dis<=20){break;}
0x04B1	0x3080      	MOVLW      128
0x04B2	0x00F2      	MOVWF      R2
0x04B3	0x3080      	MOVLW      128
0x04B4	0x0671      	XORWF      R0+1, 0
0x04B5	0x0272      	SUBWF      R2, 0
0x04B6	0x1D03      	BTFSS      STATUS, 2
0x04B7	0x2CBA      	GOTO       L__main58
0x04B8	0x0870      	MOVF       R0, 0
0x04B9	0x3C14      	SUBLW      20
L__main58:
0x04BA	0x1C03      	BTFSS      STATUS, 0
0x04BB	0x2CBD      	GOTO       L_main29
0x04BC	0x2CC2      	GOTO       L_main12
L_main29:
;VacuumCleaner.c,149 :: 		msDelay(250);
0x04BD	0x30FA      	MOVLW      250
0x04BE	0x00A9      	MOVWF      FARG_msDelay_msCnt
0x04BF	0x01AA      	CLRF       FARG_msDelay_msCnt+1
0x04C0	0x21AC      	CALL       _msDelay
;VacuumCleaner.c,150 :: 		}
0x04C1	0x2AAA      	GOTO       L_main11
L_main12:
;VacuumCleaner.c,154 :: 		PORTD=0b00001001;
0x04C2	0x3009      	MOVLW      9
0x04C3	0x0088      	MOVWF      PORTD
;VacuumCleaner.c,155 :: 		v=ATD_read(void);
0x04C4	0x2244      	CALL       _ATD_read
0x04C5	0x0870      	MOVF       R0, 0
0x04C6	0x1283      	BCF        STATUS, 5
0x04C7	0x00A1      	MOVWF      _v
0x04C8	0x0871      	MOVF       R0+1, 0
0x04C9	0x00A2      	MOVWF      _v+1
;VacuumCleaner.c,156 :: 		speed= (((v>>2)*250)/255);// 0-250
0x04CA	0x0870      	MOVF       R0, 0
0x04CB	0x00F4      	MOVWF      R4
0x04CC	0x0871      	MOVF       R0+1, 0
0x04CD	0x00F5      	MOVWF      R4+1
0x04CE	0x0CF5      	RRF        R4+1, 1
0x04CF	0x0CF4      	RRF        R4, 1
0x04D0	0x13F5      	BCF        R4+1, 7
0x04D1	0x0CF5      	RRF        R4+1, 1
0x04D2	0x0CF4      	RRF        R4, 1
0x04D3	0x13F5      	BCF        R4+1, 7
0x04D4	0x30FA      	MOVLW      250
0x04D5	0x00F0      	MOVWF      R0
0x04D6	0x01F1      	CLRF       R0+1
0x04D7	0x2219      	CALL       _Mul_16X16_U
0x04D8	0x30FF      	MOVLW      255
0x04D9	0x00F4      	MOVWF      R4
0x04DA	0x01F5      	CLRF       R4+1
0x04DB	0x21FC      	CALL       _Div_16X16_U
0x04DC	0x0870      	MOVF       R0, 0
0x04DD	0x00A3      	MOVWF      _speed
0x04DE	0x0871      	MOVF       R0+1, 0
0x04DF	0x00A4      	MOVWF      _speed+1
;VacuumCleaner.c,157 :: 		motor(speed)   ;
0x04E0	0x0870      	MOVF       R0, 0
0x04E1	0x00A9      	MOVWF      FARG_motor_speed
0x04E2	0x0871      	MOVF       R0+1, 0
0x04E3	0x00AA      	MOVWF      FARG_motor_speed+1
0x04E4	0x21F7      	CALL       _motor
;VacuumCleaner.c,158 :: 		motor2(75);
0x04E5	0x304B      	MOVLW      75
0x04E6	0x00A9      	MOVWF      FARG_motor2_speed
0x04E7	0x3000      	MOVLW      0
0x04E8	0x00AA      	MOVWF      FARG_motor2_speed+1
0x04E9	0x2253      	CALL       _motor2
;VacuumCleaner.c,160 :: 		msDelay(500);
0x04EA	0x30F4      	MOVLW      244
0x04EB	0x00A9      	MOVWF      FARG_msDelay_msCnt
0x04EC	0x3001      	MOVLW      1
0x04ED	0x00AA      	MOVWF      FARG_msDelay_msCnt+1
0x04EE	0x21AC      	CALL       _msDelay
;VacuumCleaner.c,163 :: 		}
0x04EF	0x2A84      	GOTO       L_main9
;VacuumCleaner.c,164 :: 		}
L_end_main:
0x04F0	0x2CF0      	GOTO       $+0
; end of _main
Symbol List:
//** Routines locations **
//ADDRESS    SIZE    PROCEDURE
//----------------------------------------------
0x0003       [7]    _RES032
0x000A      [12]    _SETFUN32
0x0016       [4]    _FIXSIGN32
0x001A      [13]    _SETIOV3224
0x0027      [12]    _SETFOV32
0x0033      [47]    _NRM3232
0x0062       [3]    _SETFDZ32
0x0065      [93]    _double2int
0x00C2      [30]    _int2double
0x00E0      [21]    _usDelay
0x00F5     [183]    _Div_32x32_FP
0x01AC      [35]    _msDelay
0x01CF      [40]    _Distance
0x01F7       [5]    _motor
0x01FC      [29]    _Div_16X16_U
0x0219      [43]    _Mul_16X16_U
0x0244      [15]    _ATD_read
0x0253       [5]    _motor2
0x0258       [8]    _ATD_init
0x0260      [15]    _CCPPWM_init
0x026F     [642]    _main
//** Variables locations ** 
//ADDRESS    SIZE    VARIABLE
//----------------------------------------------
0x0000       [1]    INDF
0x0003       [1]    STATUS
0x0004       [1]    FSR
0x0007       [1]    PORTC
0x0008       [1]    PORTD
0x000A       [1]    PCLATH
0x000E       [1]    TMR1L
0x000F       [1]    TMR1H
0x0010       [1]    T1CON
0x0012       [1]    T2CON
0x0015       [1]    CCPR1L
0x0017       [1]    CCP1CON
0x001B       [1]    CCPR2L
0x001D       [1]    CCP2CON
0x001E       [1]    ADRESH
0x001F       [1]    ADCON0
0x0020       [1]    __math_tempbD
0x0021       [2]    _v
0x0023       [2]    _speed
0x0025       [2]    ___DoICPAddr
0x0027       [2]    main_dis_L0
0x0029       [2]    FARG_motor2_speed
0x0029       [2]    FARG_motor_speed
0x0029       [2]    FARG_msDelay_msCnt
0x002B       [2]    msDelay_ms_L0
0x002D       [2]    msDelay_cc_L0
0x002F       [2]    FARG_usDelay_usCnt
0x0031       [2]    usDelay_us_L0
0x0070       [1]    R0
0x0071       [1]    R1
0x0072       [1]    R2
0x0073       [1]    R3
0x0074       [1]    R4
0x0075       [1]    R5
0x0076       [1]    R6
0x0077       [1]    R7
0x0078       [1]    R8
0x0079       [1]    R9
0x007A       [1]    R10
0x007B       [1]    R11
0x007C       [1]    R12
0x007D       [1]    R13
0x007E       [1]    R14
0x007F       [1]    R15
0x0086       [1]    TRISB
0x0087       [1]    TRISC
0x0088       [1]    TRISD
0x0092       [1]    PR2
0x009E       [1]    ADRESL
0x009F       [1]    ADCON1
